#
# There is insufficient memory for the Java Runtime Environment to continue.
# Native memory allocation (malloc) failed to allocate 683856 bytes for Chunk::new
# Possible reasons:
#   The system is out of physical RAM or swap space
#   The process is running with CompressedOops enabled, and the Java Heap may be blocking the growth of the native heap
# Possible solutions:
#   Reduce memory load on the system
#   Increase physical memory or swap space
#   Check if swap backing store is full
#   Decrease Java heap size (-Xmx/-Xms)
#   Decrease number of Java threads
#   Decrease Java thread stack sizes (-Xss)
#   Set larger code cache with -XX:ReservedCodeCacheSize=
#   JVM is running with Unscaled Compressed Oops mode in which the Java heap is
#     placed in the first 4GB address space. The Java Heap base address is the
#     maximum limit for the native heap growth. Please use -XX:HeapBaseMinAddress
#     to set the Java Heap base and to place the Java Heap above 4GB virtual address.
# This output file may be truncated or incomplete.
#
#  Out of Memory Error (t:/workspace/open/src/hotspot/share/memory/arena.cpp:197), pid=6020, tid=7676
#
# JRE version: Java(TM) SE Runtime Environment (12.0.2+10) (build 12.0.2+10)
# Java VM: Java HotSpot(TM) 64-Bit Server VM (12.0.2+10, mixed mode, sharing, tiered, compressed oops, g1 gc, windows-amd64)
# No core dump will be written. Minidumps are not enabled by default on client versions of Windows
#

---------------  S U M M A R Y ------------

Command Line: --add-opens=java.base/java.util=ALL-UNNAMED -XX:+HeapDumpOnOutOfMemoryError -Xmx1024m -Dfile.encoding=windows-1252 -Duser.country=BR -Duser.language=pt -Duser.variant org.gradle.launcher.daemon.bootstrap.GradleDaemon 4.10.2

Host: Intel(R) Core(TM) i5-8250U CPU @ 1.60GHz, 8 cores, 7G,  Windows 10 , 64 bit Build 17763 (10.0.17763.475)
Time: Wed Nov 27 22:28:58 2019 Hora oficial do Brasil elapsed time: 245 seconds (0d 0h 4m 5s)

---------------  T H R E A D  ---------------

Current thread (0x0000016a7859a800):  JavaThread "C2 CompilerThread0" daemon [_thread_in_native, id=7676, stack(0x0000006a3fc00000,0x0000006a3fd00000)]


Current CompileTask:
C2: 245422 10321  s    4       org.gradle.internal.component.external.model.AbstractLazyModuleComponentResolveMetadata::getConfiguration (14 bytes)

Stack: [0x0000006a3fc00000,0x0000006a3fd00000]
Native frames: (J=compiled Java code, j=interpreted, Vv=VM code, C=native code)
V  [jvm.dll+0x63aa2a]
V  [jvm.dll+0x78ce1e]
V  [jvm.dll+0x78e4c1]
V  [jvm.dll+0x78eb13]
V  [jvm.dll+0x2627e8]
V  [jvm.dll+0xc55cc]
V  [jvm.dll+0xc5b4c]
V  [jvm.dll+0x37a632]
V  [jvm.dll+0x1aef8b]
V  [jvm.dll+0x21c312]
V  [jvm.dll+0x21b3da]
V  [jvm.dll+0x199a20]
V  [jvm.dll+0x22a744]
V  [jvm.dll+0x228d98]
V  [jvm.dll+0x7512a0]
V  [jvm.dll+0x74a2c8]
V  [jvm.dll+0x639b16]
C  [ucrtbase.dll+0x21ffa]
C  [KERNEL32.DLL+0x17974]
C  [ntdll.dll+0x6a271]


---------------  P R O C E S S  ---------------

Threads class SMR info:
_java_thread_list=0x0000016a00853c60, length=51, elements={
0x0000016a5bdfa000, 0x0000016a7857a000, 0x0000016a7857c000, 0x0000016a78596000,
0x0000016a78599000, 0x0000016a7859a800, 0x0000016a7859e800, 0x0000016a785a0800,
0x0000016a78ffb800, 0x0000016a78fff000, 0x0000016a7a4ac800, 0x0000016a7a464000,
0x0000016a79f61000, 0x0000016a7a7fc000, 0x0000016a7a7fc800, 0x0000016a7a7f7800,
0x0000016a7a7fa000, 0x0000016a01d92000, 0x0000016a7a8ce000, 0x0000016a7a8dc000,
0x0000016a7a8da800, 0x0000016a7a7fd800, 0x0000016a7a7fe000, 0x0000016a7a7f8800,
0x0000016a7a7f9800, 0x0000016a7a8cf800, 0x0000016a7a8d4800, 0x0000016a7a8cf000,
0x0000016a7a8d3800, 0x0000016a7a8d6000, 0x0000016a7a8d3000, 0x0000016a7a8d5800,
0x0000016a7a8d7000, 0x0000016a7a8d1800, 0x0000016a7a8d8000, 0x0000016a7a8d2000,
0x0000016a7a8dc800, 0x0000016a7a8d8800, 0x0000016a7a8d9800, 0x0000016a018af000,
0x0000016a7a8db000, 0x0000016a78ef9000, 0x0000016a01d94000, 0x0000016a01d8e000,
0x0000016a01d93000, 0x0000016a01d91800, 0x0000016a01d94800, 0x0000016a01d8f000,
0x0000016a01d8f800, 0x0000016a01d90800, 0x0000016a0085c800
}

Java Threads: ( => current thread )
  0x0000016a5bdfa000 JavaThread "main" [_thread_blocked, id=7204, stack(0x0000006a3f100000,0x0000006a3f200000)]
  0x0000016a7857a000 JavaThread "Reference Handler" daemon [_thread_blocked, id=12692, stack(0x0000006a3f800000,0x0000006a3f900000)]
  0x0000016a7857c000 JavaThread "Finalizer" daemon [_thread_blocked, id=4056, stack(0x0000006a3f900000,0x0000006a3fa00000)]
  0x0000016a78596000 JavaThread "Signal Dispatcher" daemon [_thread_blocked, id=11092, stack(0x0000006a3fa00000,0x0000006a3fb00000)]
  0x0000016a78599000 JavaThread "Attach Listener" daemon [_thread_blocked, id=12816, stack(0x0000006a3fb00000,0x0000006a3fc00000)]
=>0x0000016a7859a800 JavaThread "C2 CompilerThread0" daemon [_thread_in_native, id=7676, stack(0x0000006a3fc00000,0x0000006a3fd00000)]
  0x0000016a7859e800 JavaThread "C1 CompilerThread0" daemon [_thread_blocked, id=16324, stack(0x0000006a3fd00000,0x0000006a3fe00000)]
  0x0000016a785a0800 JavaThread "Sweeper thread" daemon [_thread_blocked, id=11552, stack(0x0000006a3fe00000,0x0000006a3ff00000)]
  0x0000016a78ffb800 JavaThread "Common-Cleaner" daemon [_thread_blocked, id=14900, stack(0x0000006a3ff00000,0x0000006a40000000)]
  0x0000016a78fff000 JavaThread "Service Thread" daemon [_thread_blocked, id=12688, stack(0x0000006a40000000,0x0000006a40100000)]
  0x0000016a7a4ac800 JavaThread "Daemon health stats" [_thread_blocked, id=12492, stack(0x0000006a40500000,0x0000006a40600000)]
  0x0000016a7a464000 JavaThread "Incoming local TCP Connector on port 50893" [_thread_in_native, id=10664, stack(0x0000006a40200000,0x0000006a40300000)]
  0x0000016a79f61000 JavaThread "Daemon periodic checks" [_thread_blocked, id=15764, stack(0x0000006a40600000,0x0000006a40700000)]
  0x0000016a7a7fc000 JavaThread "Cache worker for file hash cache (C:\Users\Alanf\.gradle\caches\4.10.2\fileHashes)" [_thread_blocked, id=8556, stack(0x0000006a40d00000,0x0000006a40e00000)]
  0x0000016a7a7fc800 JavaThread "File lock request listener" [_thread_in_native, id=5832, stack(0x0000006a40e00000,0x0000006a40f00000)]
  0x0000016a7a7f7800 JavaThread "Cache worker for journal cache (C:\Users\Alanf\.gradle\caches\journal-1)" [_thread_blocked, id=10456, stack(0x0000006a41000000,0x0000006a41100000)]
  0x0000016a7a7fa000 JavaThread "Cache worker for Artifact transforms cache (C:\Users\Alanf\.gradle\caches\transforms-1)" [_thread_blocked, id=11736, stack(0x0000006a41b00000,0x0000006a41c00000)]
  0x0000016a01d92000 JavaThread "Memory manager" [_thread_blocked, id=16812, stack(0x0000006a42500000,0x0000006a42600000)]
  0x0000016a7a8ce000 JavaThread "Cache worker for file content cache (C:\Users\Alanf\.gradle\caches\4.10.2\fileContent)" [_thread_blocked, id=12772, stack(0x0000006a42600000,0x0000006a42700000)]
  0x0000016a7a8dc000 JavaThread "Monitor" [_thread_in_native, id=16932, stack(0x0000006a43100000,0x0000006a43200000)]
  0x0000016a7a8da800 JavaThread "Device List Monitor" [_thread_in_native, id=10440, stack(0x0000006a41600000,0x0000006a41700000)]
  0x0000016a7a7fd800 JavaThread "Daemon Thread 2" [_thread_blocked, id=8168, stack(0x0000006a3ee00000,0x0000006a3ef00000)]
  0x0000016a7a7fe000 JavaThread "Handler for socket connection from /127.0.0.1:50893 to /127.0.0.1:50982" [_thread_in_native, id=5676, stack(0x0000006a3ef00000,0x0000006a3f000000)]
  0x0000016a7a7f8800 JavaThread "Cancel handler" [_thread_blocked, id=6880, stack(0x0000006a3f000000,0x0000006a3f100000)]
  0x0000016a7a7f9800 JavaThread "Daemon worker Thread 2" [_thread_blocked, id=14388, stack(0x0000006a40700000,0x0000006a40800000)]
  0x0000016a7a8cf800 JavaThread "Asynchronous log dispatcher for DefaultDaemonConnection: socket connection from /127.0.0.1:50893 to /127.0.0.1:50982" [_thread_blocked, id=13624, stack(0x0000006a40800000,0x0000006a40900000)]
  0x0000016a7a8d4800 JavaThread "Stdin handler" [_thread_blocked, id=17292, stack(0x0000006a40900000,0x0000006a40a00000)]
  0x0000016a7a8cf000 JavaThread "Cache worker for file hash cache (C:\projetos\react-native-websocket-server-demo-master\react-native-websocket-server-demo-master\android\.gradle\4.10.2\fileHashes)" [_thread_blocked, id=14452, stack(0x0000006a40a00000,0x0000006a40b00000)]
  0x0000016a7a8d3800 JavaThread "Cache worker for cache directory md-supplier (C:\Users\Alanf\.gradle\caches\4.10.2\md-supplier)" [_thread_blocked, id=10400, stack(0x0000006a40b00000,0x0000006a40c00000)]
  0x0000016a7a8d6000 JavaThread "Cache worker for cache directory md-rule (C:\Users\Alanf\.gradle\caches\4.10.2\md-rule)" [_thread_blocked, id=12608, stack(0x0000006a40c00000,0x0000006a40d00000)]
  0x0000016a7a8d3000 JavaThread "Build operations" [_thread_blocked, id=14436, stack(0x0000006a40f00000,0x0000006a41000000)]
  0x0000016a7a8d5800 JavaThread "Build operations Thread 2" [_thread_blocked, id=7904, stack(0x0000006a41700000,0x0000006a41800000)]
  0x0000016a7a8d7000 JavaThread "Build operations Thread 3" [_thread_blocked, id=17068, stack(0x0000006a41900000,0x0000006a41a00000)]
  0x0000016a7a8d1800 JavaThread "Build operations Thread 4" [_thread_blocked, id=2672, stack(0x0000006a41a00000,0x0000006a41b00000)]
  0x0000016a7a8d8000 JavaThread "Build operations Thread 5" [_thread_blocked, id=2916, stack(0x0000006a41c00000,0x0000006a41d00000)]
  0x0000016a7a8d2000 JavaThread "Build operations Thread 6" [_thread_blocked, id=14296, stack(0x0000006a41d00000,0x0000006a41e00000)]
  0x0000016a7a8dc800 JavaThread "Build operations Thread 7" [_thread_blocked, id=7780, stack(0x0000006a41e00000,0x0000006a41f00000)]
  0x0000016a7a8d8800 JavaThread "Build operations Thread 8" [_thread_blocked, id=15948, stack(0x0000006a41f00000,0x0000006a42000000)]
  0x0000016a7a8d9800 JavaThread "pool-3-thread-1" [_thread_blocked, id=14868, stack(0x0000006a42000000,0x0000006a42100000)]
  0x0000016a018af000 JavaThread "C2 CompilerThread1" daemon [_thread_in_native, id=14364, stack(0x0000006a42100000,0x0000006a42200000)]
  0x0000016a7a8db000 JavaThread "Cache worker for file content cache (C:\projetos\react-native-websocket-server-demo-master\react-native-websocket-server-demo-master\android\.gradle\4.10.2\fileContent)" [_thread_blocked, id=7692, stack(0x0000006a42200000,0x0000006a42300000)]
  0x0000016a78ef9000 JavaThread "C2 CompilerThread2" daemon [_thread_in_native, id=2284, stack(0x0000006a42300000,0x0000006a42400000)]
  0x0000016a01d94000 JavaThread "Task worker for ':'" [_thread_blocked, id=5712, stack(0x0000006a42400000,0x0000006a42500000)]
  0x0000016a01d8e000 JavaThread "Task worker for ':' Thread 2" [_thread_in_native, id=15980, stack(0x0000006a42700000,0x0000006a42800000)]
  0x0000016a01d93000 JavaThread "Task worker for ':' Thread 3" [_thread_blocked, id=16260, stack(0x0000006a42800000,0x0000006a42900000)]
  0x0000016a01d91800 JavaThread "Task worker for ':' Thread 4" [_thread_blocked, id=7288, stack(0x0000006a42900000,0x0000006a42a00000)]
  0x0000016a01d94800 JavaThread "Task worker for ':' Thread 5" [_thread_blocked, id=4000, stack(0x0000006a42a00000,0x0000006a42b00000)]
  0x0000016a01d8f000 JavaThread "Task worker for ':' Thread 6" [_thread_blocked, id=15688, stack(0x0000006a42b00000,0x0000006a42c00000)]
  0x0000016a01d8f800 JavaThread "Task worker for ':' Thread 7" [_thread_blocked, id=9816, stack(0x0000006a42c00000,0x0000006a42d00000)]
  0x0000016a01d90800 JavaThread "Cache worker for task history cache (C:\projetos\react-native-websocket-server-demo-master\react-native-websocket-server-demo-master\android\.gradle\4.10.2\taskHistory)" [_thread_blocked, id=7420, stack(0x0000006a42d00000,0x0000006a42e00000)]
  0x0000016a0085c800 JavaThread "Cache worker for Build Output Cleanup Cache (C:\projetos\react-native-websocket-server-demo-master\react-native-websocket-server-demo-master\android\.gradle\buildOutputCleanup)" [_thread_blocked, id=1988, stack(0x0000006a42e00000,0x0000006a42f00000)]

Other Threads:
  0x0000016a78578800 VMThread "VM Thread" [stack: 0x0000006a3f700000,0x0000006a3f800000] [id=13972]
  0x0000016a78fff800 WatcherThread [stack: 0x0000006a40100000,0x0000006a40200000] [id=11468]
  0x0000016a5be28000 GCTaskThread "GC Thread#0" [stack: 0x0000006a3f200000,0x0000006a3f300000] [id=13572]
  0x0000016a7999b800 GCTaskThread "GC Thread#1" [stack: 0x0000006a40300000,0x0000006a40400000] [id=11908]
  0x0000016a7999c800 GCTaskThread "GC Thread#2" [stack: 0x0000006a40400000,0x0000006a40500000] [id=16580]
  0x0000016a7a3b3000 GCTaskThread "GC Thread#3" [stack: 0x0000006a41100000,0x0000006a41200000] [id=14944]
  0x0000016a7b735800 GCTaskThread "GC Thread#4" [stack: 0x0000006a41200000,0x0000006a41300000] [id=11548]
  0x0000016a7b888000 GCTaskThread "GC Thread#5" [stack: 0x0000006a41300000,0x0000006a41400000] [id=5800]
  0x0000016a7a3a1800 GCTaskThread "GC Thread#6" [stack: 0x0000006a41400000,0x0000006a41500000] [id=3192]
  0x0000016a7a394800 GCTaskThread "GC Thread#7" [stack: 0x0000006a41500000,0x0000006a41600000] [id=6616]
  0x0000016a5be2f800 ConcurrentGCThread "G1 Main Marker" [stack: 0x0000006a3f300000,0x0000006a3f400000] [id=2772]
  0x0000016a5be32000 ConcurrentGCThread "G1 Conc#0" [stack: 0x0000006a3f400000,0x0000006a3f500000] [id=14420]
  0x0000016a7d4d8000 ConcurrentGCThread "G1 Conc#1" [stack: 0x0000006a41800000,0x0000006a41900000] [id=12876]
  0x0000016a783eb800 ConcurrentGCThread "G1 Refine#0" [stack: 0x0000006a3f500000,0x0000006a3f600000] [id=8128]
  0x0000016a783ec000 ConcurrentGCThread "G1 Young RemSet Sampling" [stack: 0x0000006a3f600000,0x0000006a3f700000] [id=13004]

Threads with active compile tasks:
C2 CompilerThread0  10321  s    4       org.gradle.internal.component.external.model.AbstractLazyModuleComponentResolveMetadata::getConfiguration (14 bytes)
C2 CompilerThread1  10262   !   4       org.gradle.api.internal.AbstractClassGenerator::generateUnderLock (1171 bytes)
C2 CompilerThread2  10570       4       org.apache.ivy.core.IvyPatternHelper::substituteTokens (638 bytes)

VM state:not at safepoint (normal execution)

VM Mutex/Monitor currently owned by a thread: None

Heap address: 0x00000000c0000000, size: 1024 MB, Compressed Oops mode: 32-bit
Narrow klass base: 0x0000000800000000, Narrow klass shift: 3
Compressed class space size: 1073741824 Address: 0x0000000801190000

Heap:
 garbage-first heap   total 137216K, used 90495K [0x00000000c0000000, 0x0000000100000000)
  region size 1024K, 19 young (19456K), 3 survivors (3072K)
 Metaspace       used 65724K, capacity 67548K, committed 67712K, reserved 1107968K
  class space    used 8410K, capacity 9002K, committed 9088K, reserved 1048576K
Heap Regions: E=young(eden), S=young(survivor), O=old, HS=humongous(starts), HC=humongous(continues), CS=collection set, F=free, A=archive, TAMS=top-at-mark-start (previous, next)
|   0|0x00000000c0000000, 0x00000000c0100000, 0x00000000c0100000|100%|HS|  |TAMS 0x00000000c0100000, 0x00000000c0000000| Complete 
|   1|0x00000000c0100000, 0x00000000c0200000, 0x00000000c0200000|100%|HC|  |TAMS 0x00000000c0200000, 0x00000000c0100000| Complete 
|   2|0x00000000c0200000, 0x00000000c0300000, 0x00000000c0300000|100%| O|  |TAMS 0x00000000c0300000, 0x00000000c0200000| Untracked 
|   3|0x00000000c0300000, 0x00000000c0400000, 0x00000000c0400000|100%| O|  |TAMS 0x00000000c0400000, 0x00000000c0300000| Untracked 
|   4|0x00000000c0400000, 0x00000000c0500000, 0x00000000c0500000|100%| O|  |TAMS 0x00000000c0500000, 0x00000000c0400000| Untracked 
|   5|0x00000000c0500000, 0x00000000c0600000, 0x00000000c0600000|100%| O|  |TAMS 0x00000000c0600000, 0x00000000c0500000| Untracked 
|   6|0x00000000c0600000, 0x00000000c0700000, 0x00000000c0700000|100%|HS|  |TAMS 0x00000000c0700000, 0x00000000c0600000| Complete 
|   7|0x00000000c0700000, 0x00000000c0800000, 0x00000000c0800000|100%|HC|  |TAMS 0x00000000c0800000, 0x00000000c0700000| Complete 
|   8|0x00000000c0800000, 0x00000000c0900000, 0x00000000c0900000|100%| O|  |TAMS 0x00000000c0900000, 0x00000000c0800000| Untracked 
|   9|0x00000000c0900000, 0x00000000c0a00000, 0x00000000c0a00000|100%| O|  |TAMS 0x00000000c0a00000, 0x00000000c0900000| Untracked 
|  10|0x00000000c0a00000, 0x00000000c0b00000, 0x00000000c0b00000|100%| O|  |TAMS 0x00000000c0b00000, 0x00000000c0a00000| Untracked 
|  11|0x00000000c0b00000, 0x00000000c0c00000, 0x00000000c0c00000|100%| O|  |TAMS 0x00000000c0c00000, 0x00000000c0b00000| Complete 
|  12|0x00000000c0c00000, 0x00000000c0d00000, 0x00000000c0d00000|100%| O|  |TAMS 0x00000000c0d00000, 0x00000000c0c00000| Untracked 
|  13|0x00000000c0d00000, 0x00000000c0e00000, 0x00000000c0e00000|100%| O|  |TAMS 0x00000000c0e00000, 0x00000000c0d00000| Complete 
|  14|0x00000000c0e00000, 0x00000000c0f00000, 0x00000000c0f00000|100%| O|  |TAMS 0x00000000c0f00000, 0x00000000c0e00000| Untracked 
|  15|0x00000000c0f00000, 0x00000000c1000000, 0x00000000c1000000|100%| O|  |TAMS 0x00000000c1000000, 0x00000000c0f00000| Untracked 
|  16|0x00000000c1000000, 0x00000000c10d9e00, 0x00000000c1100000| 85%| O|  |TAMS 0x00000000c10d9e00, 0x00000000c1000000| Complete 
|  17|0x00000000c1100000, 0x00000000c1200000, 0x00000000c1200000|100%| O|  |TAMS 0x00000000c1200000, 0x00000000c1100000| Complete 
|  18|0x00000000c1200000, 0x00000000c1300000, 0x00000000c1300000|100%| O|  |TAMS 0x00000000c1300000, 0x00000000c1200000| Untracked 
|  19|0x00000000c1300000, 0x00000000c1400000, 0x00000000c1400000|100%| O|  |TAMS 0x00000000c1400000, 0x00000000c1300000| Complete 
|  20|0x00000000c1400000, 0x00000000c1500000, 0x00000000c1500000|100%|HS|  |TAMS 0x00000000c1500000, 0x00000000c1400000| Complete 
|  21|0x00000000c1500000, 0x00000000c1600000, 0x00000000c1600000|100%|HC|  |TAMS 0x00000000c1600000, 0x00000000c1500000| Complete 
|  22|0x00000000c1600000, 0x00000000c1700000, 0x00000000c1700000|100%|HC|  |TAMS 0x00000000c1700000, 0x00000000c1600000| Complete 
|  23|0x00000000c1700000, 0x00000000c1800000, 0x00000000c1800000|100%| O|  |TAMS 0x00000000c1800000, 0x00000000c1700000| Untracked 
|  24|0x00000000c1800000, 0x00000000c1900000, 0x00000000c1900000|100%| O|  |TAMS 0x00000000c1900000, 0x00000000c1800000| Untracked 
|  25|0x00000000c1900000, 0x00000000c1a00000, 0x00000000c1a00000|100%| O|  |TAMS 0x00000000c1a00000, 0x00000000c1900000| Untracked 
|  26|0x00000000c1a00000, 0x00000000c1b00000, 0x00000000c1b00000|100%| O|  |TAMS 0x00000000c1b00000, 0x00000000c1a00000| Complete 
|  27|0x00000000c1b00000, 0x00000000c1c00000, 0x00000000c1c00000|100%| O|  |TAMS 0x00000000c1c00000, 0x00000000c1b00000| Complete 
|  28|0x00000000c1c00000, 0x00000000c1d00000, 0x00000000c1d00000|100%| O|  |TAMS 0x00000000c1d00000, 0x00000000c1c00000| Untracked 
|  29|0x00000000c1d00000, 0x00000000c1e00000, 0x00000000c1e00000|100%| O|  |TAMS 0x00000000c1e00000, 0x00000000c1d00000| Untracked 
|  30|0x00000000c1e00000, 0x00000000c1f00000, 0x00000000c1f00000|100%| O|  |TAMS 0x00000000c1f00000, 0x00000000c1e00000| Untracked 
|  31|0x00000000c1f00000, 0x00000000c2000000, 0x00000000c2000000|100%| O|  |TAMS 0x00000000c2000000, 0x00000000c1f00000| Untracked 
|  32|0x00000000c2000000, 0x00000000c2100000, 0x00000000c2100000|100%| O|  |TAMS 0x00000000c2100000, 0x00000000c2000000| Complete 
|  33|0x00000000c2100000, 0x00000000c2200000, 0x00000000c2200000|100%| O|  |TAMS 0x00000000c2200000, 0x00000000c2100000| Untracked 
|  34|0x00000000c2200000, 0x00000000c2300000, 0x00000000c2300000|100%| O|  |TAMS 0x00000000c2300000, 0x00000000c2200000| Untracked 
|  35|0x00000000c2300000, 0x00000000c2400000, 0x00000000c2400000|100%| O|  |TAMS 0x00000000c2400000, 0x00000000c2300000| Complete 
|  36|0x00000000c2400000, 0x00000000c2500000, 0x00000000c2500000|100%| O|  |TAMS 0x00000000c2500000, 0x00000000c2400000| Complete 
|  37|0x00000000c2500000, 0x00000000c2600000, 0x00000000c2600000|100%| O|  |TAMS 0x00000000c2600000, 0x00000000c2500000| Untracked 
|  38|0x00000000c2600000, 0x00000000c2700000, 0x00000000c2700000|100%| O|  |TAMS 0x00000000c2700000, 0x00000000c2600000| Complete 
|  39|0x00000000c2700000, 0x00000000c2800000, 0x00000000c2800000|100%| O|  |TAMS 0x00000000c2800000, 0x00000000c2700000| Untracked 
|  40|0x00000000c2800000, 0x00000000c2900000, 0x00000000c2900000|100%| O|  |TAMS 0x00000000c2900000, 0x00000000c2800000| Untracked 
|  41|0x00000000c2900000, 0x00000000c29ffff8, 0x00000000c2a00000| 99%| O|  |TAMS 0x00000000c29ffff8, 0x00000000c2900000| Complete 
|  42|0x00000000c2a00000, 0x00000000c2b00000, 0x00000000c2b00000|100%| O|  |TAMS 0x00000000c2b00000, 0x00000000c2a00000| Untracked 
|  43|0x00000000c2b00000, 0x00000000c2c00000, 0x00000000c2c00000|100%| O|  |TAMS 0x00000000c2c00000, 0x00000000c2b00000| Complete 
|  44|0x00000000c2c00000, 0x00000000c2d00000, 0x00000000c2d00000|100%| O|  |TAMS 0x00000000c2d00000, 0x00000000c2c00000| Untracked 
|  45|0x00000000c2d00000, 0x00000000c2e00000, 0x00000000c2e00000|100%| O|  |TAMS 0x00000000c2e00000, 0x00000000c2d00000| Complete 
|  46|0x00000000c2e00000, 0x00000000c2f00000, 0x00000000c2f00000|100%| O|  |TAMS 0x00000000c2f00000, 0x00000000c2e00000| Complete 
|  47|0x00000000c2f00000, 0x00000000c3000000, 0x00000000c3000000|100%| O|  |TAMS 0x00000000c3000000, 0x00000000c2f00000| Complete 
|  48|0x00000000c3000000, 0x00000000c3100000, 0x00000000c3100000|100%| O|  |TAMS 0x00000000c3100000, 0x00000000c3000000| Untracked 
|  49|0x00000000c3100000, 0x00000000c3200000, 0x00000000c3200000|100%| O|  |TAMS 0x00000000c3200000, 0x00000000c3100000| Complete 
|  50|0x00000000c3200000, 0x00000000c3300000, 0x00000000c3300000|100%|HS|  |TAMS 0x00000000c3300000, 0x00000000c3200000| Complete 
|  51|0x00000000c3300000, 0x00000000c3400000, 0x00000000c3400000|100%|HC|  |TAMS 0x00000000c3400000, 0x00000000c3300000| Complete 
|  52|0x00000000c3400000, 0x00000000c3500000, 0x00000000c3500000|100%| O|  |TAMS 0x00000000c3500000, 0x00000000c3400000| Complete 
|  53|0x00000000c3500000, 0x00000000c3600000, 0x00000000c3600000|100%| O|  |TAMS 0x00000000c3600000, 0x00000000c3500000| Complete 
|  54|0x00000000c3600000, 0x00000000c3700000, 0x00000000c3700000|100%| O|  |TAMS 0x00000000c3700000, 0x00000000c3600000| Complete 
|  55|0x00000000c3700000, 0x00000000c3800000, 0x00000000c3800000|100%| O|  |TAMS 0x00000000c3800000, 0x00000000c3700000| Complete 
|  56|0x00000000c3800000, 0x00000000c3900000, 0x00000000c3900000|100%| O|  |TAMS 0x00000000c3900000, 0x00000000c3800000| Complete 
|  57|0x00000000c3900000, 0x00000000c3a00000, 0x00000000c3a00000|100%| O|  |TAMS 0x00000000c3a00000, 0x00000000c3900000| Complete 
|  58|0x00000000c3a00000, 0x00000000c3b00000, 0x00000000c3b00000|100%| O|  |TAMS 0x00000000c3b00000, 0x00000000c3a00000| Complete 
|  59|0x00000000c3b00000, 0x00000000c3c00000, 0x00000000c3c00000|100%| O|  |TAMS 0x00000000c3c00000, 0x00000000c3b00000| Complete 
|  60|0x00000000c3c00000, 0x00000000c3d00000, 0x00000000c3d00000|100%| O|  |TAMS 0x00000000c3d00000, 0x00000000c3c00000| Complete 
|  61|0x00000000c3d00000, 0x00000000c3e00000, 0x00000000c3e00000|100%| O|  |TAMS 0x00000000c3e00000, 0x00000000c3d00000| Complete 
|  62|0x00000000c3e00000, 0x00000000c3f00000, 0x00000000c3f00000|100%| O|  |TAMS 0x00000000c3f00000, 0x00000000c3e00000| Complete 
|  63|0x00000000c3f00000, 0x00000000c4000000, 0x00000000c4000000|100%| O|  |TAMS 0x00000000c4000000, 0x00000000c3f00000| Complete 
|  64|0x00000000c4000000, 0x00000000c4100000, 0x00000000c4100000|100%| O|  |TAMS 0x00000000c4100000, 0x00000000c4000000| Complete 
|  65|0x00000000c4100000, 0x00000000c4200000, 0x00000000c4200000|100%| O|  |TAMS 0x00000000c4200000, 0x00000000c4100000| Complete 
|  66|0x00000000c4200000, 0x00000000c4300000, 0x00000000c4300000|100%| O|  |TAMS 0x00000000c4300000, 0x00000000c4200000| Untracked 
|  67|0x00000000c4300000, 0x00000000c4400000, 0x00000000c4400000|100%| O|  |TAMS 0x00000000c4400000, 0x00000000c4300000| Complete 
|  68|0x00000000c4400000, 0x00000000c4500000, 0x00000000c4500000|100%| O|  |TAMS 0x00000000c4500000, 0x00000000c4400000| Untracked 
|  69|0x00000000c4500000, 0x00000000c4600000, 0x00000000c4600000|100%| O|  |TAMS 0x00000000c4600000, 0x00000000c4500000| Untracked 
|  70|0x00000000c4600000, 0x00000000c4700000, 0x00000000c4700000|100%| O|  |TAMS 0x00000000c4700000, 0x00000000c4600000| Untracked 
|  71|0x00000000c4700000, 0x00000000c4795200, 0x00000000c4800000| 58%| O|  |TAMS 0x00000000c4795200, 0x00000000c4700000| Untracked 
|  72|0x00000000c4800000, 0x00000000c4800000, 0x00000000c4900000|  0%| F|  |TAMS 0x00000000c4800000, 0x00000000c4800000| Untracked 
|  73|0x00000000c4900000, 0x00000000c4900000, 0x00000000c4a00000|  0%| F|  |TAMS 0x00000000c4900000, 0x00000000c4900000| Untracked 
|  74|0x00000000c4a00000, 0x00000000c4a00000, 0x00000000c4b00000|  0%| F|  |TAMS 0x00000000c4a00000, 0x00000000c4a00000| Untracked 
|  75|0x00000000c4b00000, 0x00000000c4b00000, 0x00000000c4c00000|  0%| F|  |TAMS 0x00000000c4b00000, 0x00000000c4b00000| Untracked 
|  76|0x00000000c4c00000, 0x00000000c4c00000, 0x00000000c4d00000|  0%| F|  |TAMS 0x00000000c4c00000, 0x00000000c4c00000| Untracked 
|  77|0x00000000c4d00000, 0x00000000c4d00000, 0x00000000c4e00000|  0%| F|  |TAMS 0x00000000c4d00000, 0x00000000c4d00000| Untracked 
|  78|0x00000000c4e00000, 0x00000000c4e00000, 0x00000000c4f00000|  0%| F|  |TAMS 0x00000000c4e00000, 0x00000000c4e00000| Untracked 
|  79|0x00000000c4f00000, 0x00000000c4f00000, 0x00000000c5000000|  0%| F|  |TAMS 0x00000000c4f00000, 0x00000000c4f00000| Untracked 
|  80|0x00000000c5000000, 0x00000000c5000000, 0x00000000c5100000|  0%| F|  |TAMS 0x00000000c5000000, 0x00000000c5000000| Untracked 
|  81|0x00000000c5100000, 0x00000000c5100000, 0x00000000c5200000|  0%| F|  |TAMS 0x00000000c5100000, 0x00000000c5100000| Untracked 
|  82|0x00000000c5200000, 0x00000000c5200000, 0x00000000c5300000|  0%| F|  |TAMS 0x00000000c5200000, 0x00000000c5200000| Untracked 
|  83|0x00000000c5300000, 0x00000000c5300000, 0x00000000c5400000|  0%| F|  |TAMS 0x00000000c5300000, 0x00000000c5300000| Untracked 
|  84|0x00000000c5400000, 0x00000000c5400000, 0x00000000c5500000|  0%| F|  |TAMS 0x00000000c5400000, 0x00000000c5400000| Untracked 
|  85|0x00000000c5500000, 0x00000000c5500000, 0x00000000c5600000|  0%| F|  |TAMS 0x00000000c5500000, 0x00000000c5500000| Untracked 
|  86|0x00000000c5600000, 0x00000000c5600000, 0x00000000c5700000|  0%| F|  |TAMS 0x00000000c5600000, 0x00000000c5600000| Untracked 
|  87|0x00000000c5700000, 0x00000000c5700000, 0x00000000c5800000|  0%| F|  |TAMS 0x00000000c5700000, 0x00000000c5700000| Untracked 
|  88|0x00000000c5800000, 0x00000000c5800000, 0x00000000c5900000|  0%| F|  |TAMS 0x00000000c5800000, 0x00000000c5800000| Untracked 
|  89|0x00000000c5900000, 0x00000000c5900000, 0x00000000c5a00000|  0%| F|  |TAMS 0x00000000c5900000, 0x00000000c5900000| Untracked 
|  90|0x00000000c5a00000, 0x00000000c5a00000, 0x00000000c5b00000|  0%| F|  |TAMS 0x00000000c5a00000, 0x00000000c5a00000| Untracked 
|  91|0x00000000c5b00000, 0x00000000c5b00000, 0x00000000c5c00000|  0%| F|  |TAMS 0x00000000c5b00000, 0x00000000c5b00000| Untracked 
|  92|0x00000000c5c00000, 0x00000000c5c00000, 0x00000000c5d00000|  0%| F|  |TAMS 0x00000000c5c00000, 0x00000000c5c00000| Untracked 
|  93|0x00000000c5d00000, 0x00000000c5d00000, 0x00000000c5e00000|  0%| F|  |TAMS 0x00000000c5d00000, 0x00000000c5d00000| Untracked 
|  94|0x00000000c5e00000, 0x00000000c5ef0e00, 0x00000000c5f00000| 94%| S|CS|TAMS 0x00000000c5e00000, 0x00000000c5e00000| Complete 
|  95|0x00000000c5f00000, 0x00000000c6000000, 0x00000000c6000000|100%| S|CS|TAMS 0x00000000c5f00000, 0x00000000c5f00000| Complete 
|  96|0x00000000c6000000, 0x00000000c6100000, 0x00000000c6100000|100%| S|CS|TAMS 0x00000000c6000000, 0x00000000c6000000| Complete 
|  97|0x00000000c6100000, 0x00000000c6100000, 0x00000000c6200000|  0%| F|  |TAMS 0x00000000c6100000, 0x00000000c6100000| Untracked 
|  98|0x00000000c6200000, 0x00000000c6200000, 0x00000000c6300000|  0%| F|  |TAMS 0x00000000c6200000, 0x00000000c6200000| Untracked 
|  99|0x00000000c6300000, 0x00000000c6300000, 0x00000000c6400000|  0%| F|  |TAMS 0x00000000c6300000, 0x00000000c6300000| Untracked 
| 100|0x00000000c6400000, 0x00000000c6400000, 0x00000000c6500000|  0%| F|  |TAMS 0x00000000c6400000, 0x00000000c6400000| Untracked 
| 101|0x00000000c6500000, 0x00000000c6500000, 0x00000000c6600000|  0%| F|  |TAMS 0x00000000c6500000, 0x00000000c6500000| Untracked 
| 102|0x00000000c6600000, 0x00000000c6600000, 0x00000000c6700000|  0%| F|  |TAMS 0x00000000c6600000, 0x00000000c6600000| Untracked 
| 103|0x00000000c6700000, 0x00000000c6700000, 0x00000000c6800000|  0%| F|  |TAMS 0x00000000c6700000, 0x00000000c6700000| Untracked 
| 104|0x00000000c6800000, 0x00000000c6800000, 0x00000000c6900000|  0%| F|  |TAMS 0x00000000c6800000, 0x00000000c6800000| Untracked 
| 105|0x00000000c6900000, 0x00000000c6900000, 0x00000000c6a00000|  0%| F|  |TAMS 0x00000000c6900000, 0x00000000c6900000| Untracked 
| 106|0x00000000c6a00000, 0x00000000c6a00000, 0x00000000c6b00000|  0%| F|  |TAMS 0x00000000c6a00000, 0x00000000c6a00000| Untracked 
| 107|0x00000000c6b00000, 0x00000000c6b00000, 0x00000000c6c00000|  0%| F|  |TAMS 0x00000000c6b00000, 0x00000000c6b00000| Untracked 
| 108|0x00000000c6c00000, 0x00000000c6c00000, 0x00000000c6d00000|  0%| F|  |TAMS 0x00000000c6c00000, 0x00000000c6c00000| Untracked 
| 109|0x00000000c6d00000, 0x00000000c6d00000, 0x00000000c6e00000|  0%| F|  |TAMS 0x00000000c6d00000, 0x00000000c6d00000| Untracked 
| 110|0x00000000c6e00000, 0x00000000c6e00000, 0x00000000c6f00000|  0%| F|  |TAMS 0x00000000c6e00000, 0x00000000c6e00000| Untracked 
| 111|0x00000000c6f00000, 0x00000000c6f00000, 0x00000000c7000000|  0%| F|  |TAMS 0x00000000c6f00000, 0x00000000c6f00000| Untracked 
| 112|0x00000000c7000000, 0x00000000c7000000, 0x00000000c7100000|  0%| F|  |TAMS 0x00000000c7000000, 0x00000000c7000000| Untracked 
| 113|0x00000000c7100000, 0x00000000c7100000, 0x00000000c7200000|  0%| F|  |TAMS 0x00000000c7100000, 0x00000000c7100000| Untracked 
| 114|0x00000000c7200000, 0x00000000c7200000, 0x00000000c7300000|  0%| F|  |TAMS 0x00000000c7200000, 0x00000000c7200000| Untracked 
| 115|0x00000000c7300000, 0x00000000c7300000, 0x00000000c7400000|  0%| F|  |TAMS 0x00000000c7300000, 0x00000000c7300000| Untracked 
| 116|0x00000000c7400000, 0x00000000c7400000, 0x00000000c7500000|  0%| F|  |TAMS 0x00000000c7400000, 0x00000000c7400000| Untracked 
| 117|0x00000000c7500000, 0x00000000c7500000, 0x00000000c7600000|  0%| F|  |TAMS 0x00000000c7500000, 0x00000000c7500000| Untracked 
| 118|0x00000000c7600000, 0x00000000c769b068, 0x00000000c7700000| 60%| E|  |TAMS 0x00000000c7600000, 0x00000000c7600000| Complete 
| 119|0x00000000c7700000, 0x00000000c7800000, 0x00000000c7800000|100%| E|CS|TAMS 0x00000000c7700000, 0x00000000c7700000| Complete 
| 120|0x00000000c7800000, 0x00000000c7900000, 0x00000000c7900000|100%| E|CS|TAMS 0x00000000c7800000, 0x00000000c7800000| Complete 
| 121|0x00000000c7900000, 0x00000000c7a00000, 0x00000000c7a00000|100%| E|CS|TAMS 0x00000000c7900000, 0x00000000c7900000| Complete 
| 122|0x00000000c7a00000, 0x00000000c7b00000, 0x00000000c7b00000|100%| E|CS|TAMS 0x00000000c7a00000, 0x00000000c7a00000| Complete 
| 123|0x00000000c7b00000, 0x00000000c7c00000, 0x00000000c7c00000|100%| E|CS|TAMS 0x00000000c7b00000, 0x00000000c7b00000| Complete 
| 124|0x00000000c7c00000, 0x00000000c7d00000, 0x00000000c7d00000|100%| E|CS|TAMS 0x00000000c7c00000, 0x00000000c7c00000| Complete 
| 125|0x00000000c7d00000, 0x00000000c7e00000, 0x00000000c7e00000|100%| E|  |TAMS 0x00000000c7d00000, 0x00000000c7d00000| Complete 
| 126|0x00000000c7e00000, 0x00000000c7f00000, 0x00000000c7f00000|100%| E|CS|TAMS 0x00000000c7e00000, 0x00000000c7e00000| Complete 
| 127|0x00000000c7f00000, 0x00000000c8000000, 0x00000000c8000000|100%| E|CS|TAMS 0x00000000c7f00000, 0x00000000c7f00000| Complete 
| 128|0x00000000c8000000, 0x00000000c8100000, 0x00000000c8100000|100%| E|CS|TAMS 0x00000000c8000000, 0x00000000c8000000| Complete 
| 129|0x00000000c8100000, 0x00000000c8200000, 0x00000000c8200000|100%| E|CS|TAMS 0x00000000c8100000, 0x00000000c8100000| Complete 
| 130|0x00000000c8200000, 0x00000000c8300000, 0x00000000c8300000|100%| E|CS|TAMS 0x00000000c8200000, 0x00000000c8200000| Complete 
| 131|0x00000000c8300000, 0x00000000c8400000, 0x00000000c8400000|100%| E|CS|TAMS 0x00000000c8300000, 0x00000000c8300000| Complete 
| 132|0x00000000c8400000, 0x00000000c8500000, 0x00000000c8500000|100%| E|CS|TAMS 0x00000000c8400000, 0x00000000c8400000| Complete 
| 133|0x00000000c8500000, 0x00000000c8600000, 0x00000000c8600000|100%| E|CS|TAMS 0x00000000c8500000, 0x00000000c8500000| Complete 

Card table byte_map: [0x0000016a73730000,0x0000016a73930000] _byte_map_base: 0x0000016a73130000

Marking Bits (Prev, Next): (CMBitMap*) 0x0000016a5be28d08, (CMBitMap*) 0x0000016a5be28cc8
 Prev Bits: [0x0000016a74b30000, 0x0000016a75b30000)
 Next Bits: [0x0000016a73b30000, 0x0000016a74b30000)

Polling page: 0x0000016a59c90000

Metaspace:

Usage:
  Non-class:     57.17 MB capacity,    55.97 MB ( 98%) used,     1.07 MB (  2%) free+waste,   140.50 KB ( <1%) overhead. 
      Class:      8.79 MB capacity,     8.21 MB ( 93%) used,   526.48 KB (  6%) free+waste,    65.13 KB ( <1%) overhead. 
       Both:     65.96 MB capacity,    64.18 MB ( 97%) used,     1.58 MB (  2%) free+waste,   205.63 KB ( <1%) overhead. 

Virtual space:
  Non-class space:       58.00 MB reserved,      57.25 MB ( 99%) committed 
      Class space:        1.00 GB reserved,       8.88 MB ( <1%) committed 
             Both:        1.06 GB reserved,      66.13 MB (  6%) committed 

Chunk freelists:
   Non-Class:  1.75 KB
       Class:  0 bytes
        Both:  1.75 KB

CodeHeap 'non-profiled nmethods': size=120000Kb used=5594Kb max_used=5772Kb free=114405Kb
 bounds [0x0000016a6bcd0000, 0x0000016a6c280000, 0x0000016a73200000]
CodeHeap 'profiled nmethods': size=120000Kb used=21783Kb max_used=22459Kb free=98216Kb
 bounds [0x0000016a647a0000, 0x0000016a65da0000, 0x0000016a6bcd0000]
CodeHeap 'non-nmethods': size=5760Kb used=2297Kb max_used=2371Kb free=3462Kb
 bounds [0x0000016a64200000, 0x0000016a64470000, 0x0000016a647a0000]
 total_blobs=13812 nmethods=9524 adapters=785
 compilation: enabled
              stopped_count=0, restarted_count=0
 full_count=0

Compilation events (10 events):
Event: 245.373 Thread 0x0000016a7859e800 10536       3       java.util.regex.Pattern::read (33 bytes)
Event: 245.374 Thread 0x0000016a7859e800 nmethod 10536 0x0000016a64ad2210 code [0x0000016a64ad23e0, 0x0000016a64ad26d0]
Event: 245.378 Thread 0x0000016a7859e800 10537       3       sun.security.provider.ByteArrayAccess::i2bBig4 (111 bytes)
Event: 245.378 Thread 0x0000016a7859e800 nmethod 10537 0x0000016a64ad5910 code [0x0000016a64ad5ae0, 0x0000016a64ad5e30]
Event: 245.379 Thread 0x0000016a7859e800 10538       1       org.gradle.internal.operations.CurrentBuildOperationRef::instance (4 bytes)
Event: 245.379 Thread 0x0000016a7859e800 nmethod 10538 0x0000016a6bd21d10 code [0x0000016a6bd21ec0, 0x0000016a6bd21fb8]
Event: 245.381 Thread 0x0000016a7859e800 10539       3       org.gradle.api.internal.project.taskfactory.StandardTaskAction::<init> (15 bytes)
Event: 245.381 Thread 0x0000016a7859e800 nmethod 10539 0x0000016a64aded10 code [0x0000016a64adeee0, 0x0000016a64adf178]
Event: 245.381 Thread 0x0000016a7859e800 10540       3       org.gradle.api.internal.AbstractTask::prependParallelSafeAction (30 bytes)
Event: 245.382 Thread 0x0000016a7859e800 nmethod 10540 0x0000016a64b3b510 code [0x0000016a64b3b760, 0x0000016a64b3c290]

GC Heap History (10 events):
Event: 20.264 GC heap before
{Heap before GC invocations=34 (full 0):
 garbage-first heap   total 121856K, used 90279K [0x00000000c0000000, 0x0000000100000000)
  region size 1024K, 29 young (29696K), 4 survivors (4096K)
 Metaspace       used 61767K, capacity 63489K, committed 63616K, reserved 1103872K
  class space    used 8185K, capacity 8759K, committed 8832K, reserved 1048576K
}
Event: 20.268 GC heap after
{Heap after GC invocations=35 (full 0):
 garbage-first heap   total 121856K, used 67372K [0x00000000c0000000, 0x0000000100000000)
  region size 1024K, 2 young (2048K), 2 survivors (2048K)
 Metaspace       used 61767K, capacity 63489K, committed 63616K, reserved 1103872K
  class space    used 8185K, capacity 8759K, committed 8832K, reserved 1048576K
}
Event: 77.926 GC heap before
{Heap before GC invocations=36 (full 0):
 garbage-first heap   total 121856K, used 91948K [0x00000000c0000000, 0x0000000100000000)
  region size 1024K, 27 young (27648K), 2 survivors (2048K)
 Metaspace       used 64660K, capacity 66488K, committed 66560K, reserved 1107968K
  class space    used 8372K, capacity 8936K, committed 8960K, reserved 1048576K
}
Event: 77.929 GC heap after
{Heap after GC invocations=37 (full 0):
 garbage-first heap   total 121856K, used 69282K [0x00000000c0000000, 0x0000000100000000)
  region size 1024K, 4 young (4096K), 4 survivors (4096K)
 Metaspace       used 64660K, capacity 66488K, committed 66560K, reserved 1107968K
  class space    used 8372K, capacity 8936K, committed 8960K, reserved 1048576K
}
Event: 78.526 GC heap before
{Heap before GC invocations=37 (full 0):
 garbage-first heap   total 121856K, used 94882K [0x00000000c0000000, 0x0000000100000000)
  region size 1024K, 29 young (29696K), 4 survivors (4096K)
 Metaspace       used 64986K, capacity 66776K, committed 66816K, reserved 1107968K
  class space    used 8381K, capacity 8953K, committed 8960K, reserved 1048576K
}
Event: 78.540 GC heap after
{Heap after GC invocations=38 (full 0):
 garbage-first heap   total 121856K, used 73192K [0x00000000c0000000, 0x0000000100000000)
  region size 1024K, 4 young (4096K), 4 survivors (4096K)
 Metaspace       used 64986K, capacity 66776K, committed 66816K, reserved 1107968K
  class space    used 8381K, capacity 8953K, committed 8960K, reserved 1048576K
}
Event: 79.316 GC heap before
{Heap before GC invocations=39 (full 0):
 garbage-first heap   total 128000K, used 95720K [0x00000000c0000000, 0x0000000100000000)
  region size 1024K, 27 young (27648K), 4 survivors (4096K)
 Metaspace       used 65173K, capacity 66925K, committed 67072K, reserved 1107968K
  class space    used 8385K, capacity 8960K, committed 8960K, reserved 1048576K
}
Event: 79.321 GC heap after
{Heap after GC invocations=40 (full 0):
 garbage-first heap   total 128000K, used 74264K [0x00000000c0000000, 0x0000000100000000)
  region size 1024K, 2 young (2048K), 2 survivors (2048K)
 Metaspace       used 65173K, capacity 66925K, committed 67072K, reserved 1107968K
  class space    used 8385K, capacity 8960K, committed 8960K, reserved 1048576K
}
Event: 245.202 GC heap before
{Heap before GC invocations=40 (full 0):
 garbage-first heap   total 128000K, used 99864K [0x00000000c0000000, 0x0000000100000000)
  region size 1024K, 28 young (28672K), 2 survivors (2048K)
 Metaspace       used 65543K, capacity 67378K, committed 67712K, reserved 1107968K
  class space    used 8404K, capacity 8991K, committed 9088K, reserved 1048576K
}
Event: 245.211 GC heap after
{Heap after GC invocations=41 (full 0):
 garbage-first heap   total 128000K, used 76159K [0x00000000c0000000, 0x0000000100000000)
  region size 1024K, 3 young (3072K), 3 survivors (3072K)
 Metaspace       used 65543K, capacity 67378K, committed 67712K, reserved 1107968K
  class space    used 8404K, capacity 8991K, committed 9088K, reserved 1048576K
}

Deoptimization events (10 events):
Event: 77.761 Thread 0x0000016a79f9d800 Uncommon trap: reason=profile_predicate action=maybe_recompile pc=0x0000016a6c12b3ac method=java.util.regex.Pattern$CharPropertyGreedy.match(Ljava/util/regex/Matcher;ILjava/lang/CharSequence;)Z @ 12 c2
Event: 77.761 Thread 0x0000016a79f9d800 Uncommon trap: reason=profile_predicate action=maybe_recompile pc=0x0000016a6c12b3ac method=java.util.regex.Pattern$CharPropertyGreedy.match(Ljava/util/regex/Matcher;ILjava/lang/CharSequence;)Z @ 12 c2
Event: 78.009 Thread 0x0000016a79f9d800 Uncommon trap: reason=bimorphic_or_optimized_type_check action=maybe_recompile pc=0x0000016a6c15ca44 method=java.util.HashMap.removeNode(ILjava/lang/Object;Ljava/lang/Object;ZZ)Ljava/util/HashMap$Node; @ 68 c2
Event: 78.134 Thread 0x0000016a01d91800 Uncommon trap: reason=unstable_if action=reinterpret pc=0x0000016a6bddafec method=com.google.common.collect.MapMakerInternalMap$Segment.getEntry(Ljava/lang/Object;I)Lcom/google/common/collect/MapMakerInternalMap$ReferenceEntry; @ 40 c2
Event: 78.290 Thread 0x0000016a01d91800 Uncommon trap: reason=unstable_if action=reinterpret pc=0x0000016a6c092c48 method=com.sun.org.apache.xerces.internal.impl.XMLEntityScanner.skipSpaces()Z @ 273 c2
Event: 79.289 Thread 0x0000016a01d8f000 Uncommon trap: reason=unstable_if action=reinterpret pc=0x0000016a6bea4208 method=java.util.concurrent.ConcurrentLinkedQueue.offer(Ljava/lang/Object;)Z @ 96 c2
Event: 79.298 Thread 0x0000016a01d94000 Uncommon trap: reason=bimorphic_or_optimized_type_check action=maybe_recompile pc=0x0000016a6c068108 method=org.gradle.api.internal.changedetection.state.AbstractScalarValueSnapshot.equals(Ljava/lang/Object;)Z @ 37 c2
Event: 79.358 Thread 0x0000016a01d94000 Uncommon trap: reason=bimorphic_or_optimized_type_check action=maybe_recompile pc=0x0000016a6c068108 method=org.gradle.api.internal.changedetection.state.AbstractScalarValueSnapshot.equals(Ljava/lang/Object;)Z @ 37 c2
Event: 88.661 Thread 0x0000016a7a8d1800 Uncommon trap: reason=unstable_if action=reinterpret pc=0x0000016a6c0a0c08 method=com.esotericsoftware.kryo.io.Input.require(I)I @ 117 c2
Event: 245.268 Thread 0x0000016a7a7f9800 Uncommon trap: reason=bimorphic_or_optimized_type_check action=maybe_recompile pc=0x0000016a6c15ca44 method=java.util.HashMap.removeNode(ILjava/lang/Object;Ljava/lang/Object;ZZ)Ljava/util/HashMap$Node; @ 68 c2

Classes redefined (0 events):
No events

Internal exceptions (10 events):
Event: 244.843 Thread 0x0000016a7a7f9800 Exception <a 'sun/nio/fs/WindowsException'{0x00000000c6980318}> (0x00000000c6980318) thrown at [t:/workspace/open/src/hotspot/share/prims/jni.cpp, line 615]
Event: 244.843 Thread 0x0000016a7a7f9800 Exception <a 'sun/nio/fs/WindowsException'{0x00000000c6980668}> (0x00000000c6980668) thrown at [t:/workspace/open/src/hotspot/share/prims/jni.cpp, line 615]
Event: 244.843 Thread 0x0000016a7a7f9800 Exception <a 'sun/nio/fs/WindowsException'{0x00000000c69825a0}> (0x00000000c69825a0) thrown at [t:/workspace/open/src/hotspot/share/prims/jni.cpp, line 615]
Event: 244.843 Thread 0x0000016a7a7f9800 Exception <a 'sun/nio/fs/WindowsException'{0x00000000c6982910}> (0x00000000c6982910) thrown at [t:/workspace/open/src/hotspot/share/prims/jni.cpp, line 615]
Event: 244.875 Thread 0x0000016a7a7f9800 Exception <a 'sun/nio/fs/WindowsException'{0x00000000c6985cf8}> (0x00000000c6985cf8) thrown at [t:/workspace/open/src/hotspot/share/prims/jni.cpp, line 615]
Event: 244.875 Thread 0x0000016a7a7f9800 Exception <a 'sun/nio/fs/WindowsException'{0x00000000c6986080}> (0x00000000c6986080) thrown at [t:/workspace/open/src/hotspot/share/prims/jni.cpp, line 615]
Event: 244.875 Thread 0x0000016a7a7f9800 Exception <a 'sun/nio/fs/WindowsException'{0x00000000c6988300}> (0x00000000c6988300) thrown at [t:/workspace/open/src/hotspot/share/prims/jni.cpp, line 615]
Event: 244.875 Thread 0x0000016a7a7f9800 Exception <a 'sun/nio/fs/WindowsException'{0x00000000c69886b0}> (0x00000000c69886b0) thrown at [t:/workspace/open/src/hotspot/share/prims/jni.cpp, line 615]
Event: 245.188 Thread 0x0000016a7a7f9800 Exception <a 'sun/nio/fs/WindowsException'{0x00000000c6118630}> (0x00000000c6118630) thrown at [t:/workspace/open/src/hotspot/share/prims/jni.cpp, line 615]
Event: 245.228 Thread 0x0000016a7a7f9800 Exception <a 'sun/nio/fs/WindowsException'{0x00000000c7b00f88}> (0x00000000c7b00f88) thrown at [t:/workspace/open/src/hotspot/share/prims/jni.cpp, line 615]

Events (10 events):
Event: 245.371 Thread 0x0000016a01d90800 Thread added: 0x0000016a01d90800
Event: 245.374 Thread 0x0000016a0085c800 Thread added: 0x0000016a0085c800
Event: 245.381 Executing VM operation: RevokeBias
Event: 245.381 Executing VM operation: RevokeBias done
Event: 245.381 Executing VM operation: RevokeBias
Event: 245.381 Executing VM operation: RevokeBias done
Event: 245.381 Executing VM operation: RevokeBias
Event: 245.381 Executing VM operation: RevokeBias done
Event: 245.382 Executing VM operation: RevokeBias
Event: 245.382 Executing VM operation: RevokeBias done


Dynamic libraries:
0x00007ff61da70000 - 0x00007ff61da7f000 	C:\Program Files\Java\jdk-12.0.2\bin\java.exe
0x00007ffce3210000 - 0x00007ffce33fd000 	C:\windows\SYSTEM32\ntdll.dll
0x00007ffce2c60000 - 0x00007ffce2d13000 	C:\windows\System32\KERNEL32.DLL
0x00007ffcdf490000 - 0x00007ffcdf723000 	C:\windows\System32\KERNELBASE.dll
0x00007ffce0290000 - 0x00007ffce038a000 	C:\windows\System32\ucrtbase.dll
0x00007ffcc8ee0000 - 0x00007ffcc8ef6000 	C:\Program Files\Java\jdk-12.0.2\bin\VCRUNTIME140.dll
0x00007ffcd5d00000 - 0x00007ffcd5d18000 	C:\Program Files\Java\jdk-12.0.2\bin\jli.dll
0x00007ffce3080000 - 0x00007ffce3123000 	C:\windows\System32\ADVAPI32.dll
0x00007ffce0990000 - 0x00007ffce0a2e000 	C:\windows\System32\msvcrt.dll
0x00007ffce2990000 - 0x00007ffce2a2e000 	C:\windows\System32\sechost.dll
0x00007ffce2860000 - 0x00007ffce2982000 	C:\windows\System32\RPCRT4.dll
0x00007ffce1ff0000 - 0x00007ffce2187000 	C:\windows\System32\USER32.dll
0x00007ffcced80000 - 0x00007ffcceff9000 	C:\windows\WinSxS\amd64_microsoft.windows.common-controls_6595b64144ccf1df_6.0.17763.864_none_05b3441807210760\COMCTL32.dll
0x00007ffcdf470000 - 0x00007ffcdf490000 	C:\windows\System32\win32u.dll
0x00007ffce1fc0000 - 0x00007ffce1fe9000 	C:\windows\System32\GDI32.dll
0x00007ffce2d20000 - 0x00007ffce304c000 	C:\windows\System32\combase.dll
0x00007ffcdf2d0000 - 0x00007ffcdf469000 	C:\windows\System32\gdi32full.dll
0x00007ffce03b0000 - 0x00007ffce042e000 	C:\windows\System32\bcryptPrimitives.dll
0x00007ffcdffe0000 - 0x00007ffce0080000 	C:\windows\System32\msvcp_win.dll
0x00007ffcd7010000 - 0x00007ffcd701a000 	C:\windows\SYSTEM32\VERSION.dll
0x00007ffce3050000 - 0x00007ffce307e000 	C:\windows\System32\IMM32.DLL
0x00007ffcc13c0000 - 0x00007ffcc146a000 	C:\Program Files\Java\jdk-12.0.2\bin\msvcp140.dll
0x00007ffc923a0000 - 0x00007ffc92f17000 	C:\Program Files\Java\jdk-12.0.2\bin\server\jvm.dll
0x00007ffce23d0000 - 0x00007ffce23d8000 	C:\windows\System32\PSAPI.DLL
0x00007ffcd9640000 - 0x00007ffcd9649000 	C:\windows\SYSTEM32\WSOCK32.dll
0x00007ffcd97d0000 - 0x00007ffcd97f4000 	C:\windows\SYSTEM32\WINMM.dll
0x00007ffce2360000 - 0x00007ffce23cd000 	C:\windows\System32\WS2_32.dll
0x00007ffcd97a0000 - 0x00007ffcd97cd000 	C:\windows\SYSTEM32\winmmbase.dll
0x00007ffcdff90000 - 0x00007ffcdffda000 	C:\windows\System32\cfgmgr32.dll
0x00007ffcdf250000 - 0x00007ffcdf261000 	C:\windows\System32\kernel.appcore.dll
0x00007ffcc70e0000 - 0x00007ffcc70f1000 	C:\Program Files\Java\jdk-12.0.2\bin\verify.dll
0x00007ffcddc10000 - 0x00007ffcdddfd000 	C:\windows\SYSTEM32\DBGHELP.DLL
0x00007ffcc6550000 - 0x00007ffcc657a000 	C:\windows\SYSTEM32\dbgcore.DLL
0x00007ffcc6d70000 - 0x00007ffcc6d96000 	C:\Program Files\Java\jdk-12.0.2\bin\java.dll
0x00007ffcc5f40000 - 0x00007ffcc5f57000 	C:\Program Files\Java\jdk-12.0.2\bin\zip.dll
0x00007ffcd7660000 - 0x00007ffcd766a000 	C:\Program Files\Java\jdk-12.0.2\bin\jimage.dll
0x00007ffce0aa0000 - 0x00007ffce1f94000 	C:\windows\System32\SHELL32.dll
0x00007ffce07b0000 - 0x00007ffce0858000 	C:\windows\System32\shcore.dll
0x00007ffcdf730000 - 0x00007ffcdfe7d000 	C:\windows\System32\windows.storage.dll
0x00007ffcdf200000 - 0x00007ffcdf224000 	C:\windows\System32\profapi.dll
0x00007ffcdf270000 - 0x00007ffcdf2cd000 	C:\windows\System32\powrprof.dll
0x00007ffce0680000 - 0x00007ffce06d2000 	C:\windows\System32\shlwapi.dll
0x00007ffce0390000 - 0x00007ffce03a7000 	C:\windows\System32\cryptsp.dll
0x00007ffcc57d0000 - 0x00007ffcc57e9000 	C:\Program Files\Java\jdk-12.0.2\bin\net.dll
0x00007ffcd5530000 - 0x00007ffcd5622000 	C:\windows\SYSTEM32\WINHTTP.dll
0x00007ffcce220000 - 0x00007ffcce3f7000 	C:\windows\SYSTEM32\urlmon.dll
0x00007ffcce4e0000 - 0x00007ffcce788000 	C:\windows\SYSTEM32\iertutil.dll
0x00007ffcdec40000 - 0x00007ffcdec4c000 	C:\windows\SYSTEM32\CRYPTBASE.DLL
0x00007ffcdea70000 - 0x00007ffcdead7000 	C:\windows\system32\mswsock.dll
0x00007ffcc4220000 - 0x00007ffcc4233000 	C:\Program Files\Java\jdk-12.0.2\bin\nio.dll
0x00007ffcc31a0000 - 0x00007ffcc31be000 	C:\Users\Alanf\.gradle\native\25\windows-amd64\native-platform.dll
0x00007ffcd62e0000 - 0x00007ffcd62e9000 	C:\Program Files\Java\jdk-12.0.2\bin\management.dll
0x00007ffcd6180000 - 0x00007ffcd618c000 	C:\Program Files\Java\jdk-12.0.2\bin\management_ext.dll
0x00007ffcde5f0000 - 0x00007ffcde623000 	C:\windows\system32\rsaenh.dll
0x00007ffce0260000 - 0x00007ffce0286000 	C:\windows\System32\bcrypt.dll
0x00007ffcdf100000 - 0x00007ffcdf128000 	C:\windows\SYSTEM32\USERENV.dll
0x00007ffcde790000 - 0x00007ffcde7cd000 	C:\windows\SYSTEM32\IPHLPAPI.DLL
0x00007ffce0a30000 - 0x00007ffce0a38000 	C:\windows\System32\NSI.dll
0x00007ffcd2d60000 - 0x00007ffcd2d76000 	C:\windows\SYSTEM32\dhcpcsvc6.DLL
0x00007ffcd5880000 - 0x00007ffcd589c000 	C:\windows\SYSTEM32\dhcpcsvc.DLL
0x00007ffcde7d0000 - 0x00007ffcde896000 	C:\windows\SYSTEM32\DNSAPI.dll
0x00007ffcd5330000 - 0x00007ffcd533a000 	C:\Windows\System32\rasadhlp.dll
0x00007ffcd2ea0000 - 0x00007ffcd2f19000 	C:\windows\System32\fwpuclnt.dll

dbghelp: loaded successfully - version: 4.0.5 - missing functions: none
symbol engine: initialized successfully - sym options: 0x614 - pdb path: .;C:\Program Files\Java\jdk-12.0.2\bin;C:\windows\SYSTEM32;C:\windows\WinSxS\amd64_microsoft.windows.common-controls_6595b64144ccf1df_6.0.17763.864_none_05b3441807210760;C:\Program Files\Java\jdk-12.0.2\bin\server;C:\Users\Alanf\.gradle\native\25\windows-amd64

VM Arguments:
jvm_args: --add-opens=java.base/java.util=ALL-UNNAMED -XX:+HeapDumpOnOutOfMemoryError -Xmx1024m -Dfile.encoding=windows-1252 -Duser.country=BR -Duser.language=pt -Duser.variant 
java_command: org.gradle.launcher.daemon.bootstrap.GradleDaemon 4.10.2
java_class_path (initial): C:\Users\Alanf\.gradle\wrapper\dists\gradle-4.10.2-all\9fahxiiecdb76a5g3aw9oi8rv\gradle-4.10.2\lib\gradle-launcher-4.10.2.jar
Launcher Type: SUN_STANDARD

[Global flags]
     intx CICompilerCount                          = 4                                         {product} {ergonomic}
     uint ConcGCThreads                            = 2                                         {product} {ergonomic}
     uint G1ConcRefinementThreads                  = 8                                         {product} {ergonomic}
   size_t G1HeapRegionSize                         = 1048576                                   {product} {ergonomic}
    uintx GCDrainStackTargetSize                   = 64                                        {product} {ergonomic}
     bool HeapDumpOnOutOfMemoryError               = true                                   {manageable} {command line}
   size_t InitialHeapSize                          = 134217728                                 {product} {ergonomic}
   size_t MarkStackSize                            = 4194304                                   {product} {ergonomic}
   size_t MaxHeapSize                              = 1073741824                                {product} {command line}
   size_t MaxNewSize                               = 643825664                                 {product} {ergonomic}
   size_t MinHeapDeltaBytes                        = 1048576                                   {product} {ergonomic}
    uintx NonNMethodCodeHeapSize                   = 5836300                                {pd product} {ergonomic}
    uintx NonProfiledCodeHeapSize                  = 122910970                              {pd product} {ergonomic}
    uintx ProfiledCodeHeapSize                     = 122910970                              {pd product} {ergonomic}
    uintx ReservedCodeCacheSize                    = 251658240                              {pd product} {ergonomic}
     bool SegmentedCodeCache                       = true                                      {product} {ergonomic}
     bool UseCompressedClassPointers               = true                                 {lp64_product} {ergonomic}
     bool UseCompressedOops                        = true                                 {lp64_product} {ergonomic}
     bool UseG1GC                                  = true                                      {product} {ergonomic}
     bool UseLargePagesIndividualAllocation        = false                                  {pd product} {ergonomic}

Logging:
Log output configuration:
 #0: stdout all=warning uptime,level,tags
 #1: stderr all=off uptime,level,tags

Environment Variables:
JAVA_HOME=C:\Program Files\Java\jdk-12.0.2
CLASSPATH=c:\projetos\react-native-websocket-server-demo-master\react-native-websocket-server-demo-master\android\\gradle\wrapper\gradle-wrapper.jar
PATH=C:\Program Files (x86)\Common Files\Oracle\Java\javapath;C:\ProgramData\Oracle\Java\javapath;C:\Python27\;C:\Python27\Scripts;C:\Program Files (x86)\Intel\Intel(R) Management Engine Components\iCLS\;C:\Program Files\Intel\Intel(R) Management Engine Components\iCLS\;C:\windows\system32;C:\windows;C:\windows\System32\Wbem;C:\windows\System32\WindowsPowerShell\v1.0\;C:\windows\System32\OpenSSH\;C:\Program Files (x86)\NVIDIA Corporation\PhysX\Common;C:\Program Files (x86)\Intel\Intel(R) Management Engine Components\DAL;C:\Program Files\Intel\Intel(R) Management Engine Components\DAL;C:\ProgramData\chocolatey\bin;C:\Program Files\nodejs\;C:\Program Files\dotnet\;C:\Program Files\Microsoft SQL Server\130\Tools\Binn\;C:\Program Files\Microsoft SQL Server\Client SDK\ODBC\170\Tools\Binn\;C:\Program Files\Java\jdk1.8.0_211\bin;C:\Users\Alanf\AppData\Local\Android\Sdk\platform-tools;C:\Users\Alanf\AppData\Local\Android\Sdk\tools;C:\Users\Alanf\AppData\Local\Microsoft\WindowsApps;C:\Users\Alanf\AppData\Local\Programs\Microsoft VS Code\bin;C:\Users\Alanf\AppData\Roaming\npm;C:\Users\Alanf\AppData\Local\GitHubDesktop\bin
USERNAME=Alanf
OS=Windows_NT
PROCESSOR_IDENTIFIER=Intel64 Family 6 Model 142 Stepping 10, GenuineIntel



---------------  S Y S T E M  ---------------

OS: Windows 10 , 64 bit Build 17763 (10.0.17763.475)

CPU:total 8 (initial active 8) (4 cores per cpu, 2 threads per core) family 6 model 142 stepping 10, cmov, cx8, fxsr, mmx, sse, sse2, sse3, ssse3, sse4.1, sse4.2, popcnt, avx, avx2, aes, clmul, erms, 3dnowpref, lzcnt, ht, tsc, tscinvbit, bmi1, bmi2, adx, fma

Memory: 4k page, system-wide physical 8106M (711M free)
TotalPageFile size 8106M (AvailPageFile size 6M)
current process WorkingSet (physical memory assigned to process): 357M, peak: 364M
current process commit charge ("private bytes"): 400M, peak: 406M

vm_info: Java HotSpot(TM) 64-Bit Server VM (12.0.2+10) for windows-amd64 JRE (12.0.2+10), built on Jul 16 2019 01:56:17 by "mach5one" with MS VC++ 15.5 (VS2017)

END.
