#
# There is insufficient memory for the Java Runtime Environment to continue.
# Native memory allocation (malloc) failed to allocate 32744 bytes for ChunkPool::allocate
# Possible reasons:
#   The system is out of physical RAM or swap space
#   The process is running with CompressedOops enabled, and the Java Heap may be blocking the growth of the native heap
# Possible solutions:
#   Reduce memory load on the system
#   Increase physical memory or swap space
#   Check if swap backing store is full
#   Decrease Java heap size (-Xmx/-Xms)
#   Decrease number of Java threads
#   Decrease Java thread stack sizes (-Xss)
#   Set larger code cache with -XX:ReservedCodeCacheSize=
#   JVM is running with Unscaled Compressed Oops mode in which the Java heap is
#     placed in the first 4GB address space. The Java Heap base address is the
#     maximum limit for the native heap growth. Please use -XX:HeapBaseMinAddress
#     to set the Java Heap base and to place the Java Heap above 4GB virtual address.
# This output file may be truncated or incomplete.
#
#  Out of Memory Error (t:/workspace/open/src/hotspot/share/memory/arena.cpp:81), pid=924, tid=8756
#
# JRE version: Java(TM) SE Runtime Environment (12.0.2+10) (build 12.0.2+10)
# Java VM: Java HotSpot(TM) 64-Bit Server VM (12.0.2+10, mixed mode, sharing, tiered, compressed oops, g1 gc, windows-amd64)
# No core dump will be written. Minidumps are not enabled by default on client versions of Windows
#

---------------  S U M M A R Y ------------

Command Line: --add-opens=java.base/java.util=ALL-UNNAMED -XX:+HeapDumpOnOutOfMemoryError -Xmx1024m -Dfile.encoding=windows-1252 -Duser.country=BR -Duser.language=pt -Duser.variant org.gradle.launcher.daemon.bootstrap.GradleDaemon 4.10.2

Host: Intel(R) Core(TM) i5-8250U CPU @ 1.60GHz, 8 cores, 7G,  Windows 10 , 64 bit Build 17763 (10.0.17763.475)
Time: Wed Nov 27 22:29:26 2019 Hora oficial do Brasil elapsed time: 2 seconds (0d 0h 0m 2s)

---------------  T H R E A D  ---------------

Current thread (0x0000018ab9e18000):  JavaThread "C2 CompilerThread2" daemon [_thread_in_native, id=8756, stack(0x000000732cd00000,0x000000732ce00000)]


Current CompileTask:
C2:   2895 2485   !   4       java.net.URLClassLoader$1::run (63 bytes)

Stack: [0x000000732cd00000,0x000000732ce00000]
Native frames: (J=compiled Java code, j=interpreted, Vv=VM code, C=native code)
V  [jvm.dll+0x63aa2a]
V  [jvm.dll+0x78ce1e]
V  [jvm.dll+0x78e4c1]
V  [jvm.dll+0x78eb13]
V  [jvm.dll+0x2627e8]
V  [jvm.dll+0xc57f6]
V  [jvm.dll+0xc5b4c]
V  [jvm.dll+0x1d19f6]
V  [jvm.dll+0x1d1967]
V  [jvm.dll+0x1d527f]
V  [jvm.dll+0x1d6496]
V  [jvm.dll+0x1d49c6]
V  [jvm.dll+0x1d410d]
V  [jvm.dll+0x1d4f96]
V  [jvm.dll+0x1d432e]
V  [jvm.dll+0x1c1350]
V  [jvm.dll+0x123ecf]
V  [jvm.dll+0x2d177b]
V  [jvm.dll+0x2d3135]
V  [jvm.dll+0x6596fe]
V  [jvm.dll+0x65118b]
V  [jvm.dll+0x6507ac]
V  [jvm.dll+0x64e657]
V  [jvm.dll+0x19c46c]
V  [jvm.dll+0x2d31b6]
V  [jvm.dll+0x6596fe]
V  [jvm.dll+0x65118b]
V  [jvm.dll+0x6507ac]
V  [jvm.dll+0x64e657]
V  [jvm.dll+0x19c46c]
V  [jvm.dll+0x21b07b]
V  [jvm.dll+0x199a20]
V  [jvm.dll+0x22a744]
V  [jvm.dll+0x228d98]
V  [jvm.dll+0x7512a0]
V  [jvm.dll+0x74a2c8]
V  [jvm.dll+0x639b16]
C  [ucrtbase.dll+0x21ffa]
C  [KERNEL32.DLL+0x17974]
C  [ntdll.dll+0x6a271]


---------------  P R O C E S S  ---------------

Threads class SMR info:
_java_thread_list=0x0000018ab89fbe40, length=26, elements={
0x0000018a986ef000, 0x0000018ab4e25800, 0x0000018ab4e26800, 0x0000018ab4e43800,
0x0000018ab4e45800, 0x0000018ab4e47800, 0x0000018ab4e4b000, 0x0000018ab4e4e800,
0x0000018ab58ac000, 0x0000018ab58df000, 0x0000018ab6cae800, 0x0000018ab59bd800,
0x0000018ab694c800, 0x0000018ab6715000, 0x0000018ab6716000, 0x0000018ab68fe800,
0x0000018ab6c04800, 0x0000018ab68ff000, 0x0000018ab689e800, 0x0000018ab70f1800,
0x0000018ab70f5000, 0x0000018ab70f0000, 0x0000018ab6d3f000, 0x0000018ab70f4000,
0x0000018ab9e18000, 0x0000018ab70ef800
}

Java Threads: ( => current thread )
  0x0000018a986ef000 JavaThread "main" [_thread_blocked, id=6148, stack(0x000000732a600000,0x000000732a700000)]
  0x0000018ab4e25800 JavaThread "Reference Handler" daemon [_thread_blocked, id=16488, stack(0x000000732ad00000,0x000000732ae00000)]
  0x0000018ab4e26800 JavaThread "Finalizer" daemon [_thread_blocked, id=9312, stack(0x000000732ae00000,0x000000732af00000)]
  0x0000018ab4e43800 JavaThread "Signal Dispatcher" daemon [_thread_blocked, id=17200, stack(0x000000732af00000,0x000000732b000000)]
  0x0000018ab4e45800 JavaThread "Attach Listener" daemon [_thread_blocked, id=8956, stack(0x000000732b000000,0x000000732b100000)]
  0x0000018ab4e47800 JavaThread "C2 CompilerThread0" daemon [_thread_in_native, id=13680, stack(0x000000732b100000,0x000000732b200000)]
  0x0000018ab4e4b000 JavaThread "C1 CompilerThread0" daemon [_thread_blocked, id=16444, stack(0x000000732b200000,0x000000732b300000)]
  0x0000018ab4e4e800 JavaThread "Sweeper thread" daemon [_thread_blocked, id=1344, stack(0x000000732b300000,0x000000732b400000)]
  0x0000018ab58ac000 JavaThread "Common-Cleaner" daemon [_thread_blocked, id=8004, stack(0x000000732b400000,0x000000732b500000)]
  0x0000018ab58df000 JavaThread "Service Thread" daemon [_thread_blocked, id=11040, stack(0x000000732b500000,0x000000732b600000)]
  0x0000018ab6cae800 JavaThread "Daemon health stats" [_thread_blocked, id=4416, stack(0x000000732ba00000,0x000000732bb00000)]
  0x0000018ab59bd800 JavaThread "Incoming local TCP Connector on port 50990" [_thread_in_native, id=3380, stack(0x000000732b700000,0x000000732b800000)]
  0x0000018ab694c800 JavaThread "Daemon periodic checks" [_thread_blocked, id=8724, stack(0x000000732bb00000,0x000000732bc00000)]
  0x0000018ab6715000 JavaThread "Daemon" [_thread_blocked, id=11612, stack(0x000000732bc00000,0x000000732bd00000)]
  0x0000018ab6716000 JavaThread "Handler for socket connection from /127.0.0.1:50990 to /127.0.0.1:50991" [_thread_in_native, id=13340, stack(0x000000732bd00000,0x000000732be00000)]
  0x0000018ab68fe800 JavaThread "Cancel handler" [_thread_blocked, id=10404, stack(0x000000732be00000,0x000000732bf00000)]
  0x0000018ab6c04800 JavaThread "Daemon worker" [_thread_in_vm, id=760, stack(0x000000732bf00000,0x000000732c000000)]
  0x0000018ab68ff000 JavaThread "Asynchronous log dispatcher for DefaultDaemonConnection: socket connection from /127.0.0.1:50990 to /127.0.0.1:50991" [_thread_blocked, id=9520, stack(0x000000732c000000,0x000000732c100000)]
  0x0000018ab689e800 JavaThread "Stdin handler" [_thread_blocked, id=7052, stack(0x000000732c100000,0x000000732c200000)]
  0x0000018ab70f1800 JavaThread "Cache worker for file hash cache (C:\Users\Alanf\.gradle\caches\4.10.2\fileHashes)" [_thread_blocked, id=10708, stack(0x000000732c200000,0x000000732c300000)]
  0x0000018ab70f5000 JavaThread "File lock request listener" [_thread_in_native, id=13440, stack(0x000000732c300000,0x000000732c400000)]
  0x0000018ab70f0000 JavaThread "Cache worker for file hash cache (C:\projetos\react-native-websocket-server-demo-master\react-native-websocket-server-demo-master\android\.gradle\4.10.2\fileHashes)" [_thread_blocked, id=11404, stack(0x000000732c400000,0x000000732c500000)]
  0x0000018ab6d3f000 JavaThread "C2 CompilerThread1" daemon [_thread_in_native, id=10800, stack(0x000000732c500000,0x000000732c600000)]
  0x0000018ab70f4000 JavaThread "Cache worker for journal cache (C:\Users\Alanf\.gradle\caches\journal-1)" [_thread_blocked, id=7296, stack(0x000000732c600000,0x000000732c700000)]
=>0x0000018ab9e18000 JavaThread "C2 CompilerThread2" daemon [_thread_in_native, id=8756, stack(0x000000732cd00000,0x000000732ce00000)]
  0x0000018ab70ef800 JavaThread "Cache worker for cache directory md-supplier (C:\Users\Alanf\.gradle\caches\4.10.2\md-supplier)" [_thread_blocked, id=16040, stack(0x000000732ce00000,0x000000732cf00000)]

Other Threads:
  0x0000018ab4e21800 VMThread "VM Thread" [stack: 0x000000732ac00000,0x000000732ad00000] [id=13156]
  0x0000018ab58d0000 WatcherThread [stack: 0x000000732b600000,0x000000732b700000] [id=6180]
  0x0000018a98718000 GCTaskThread "GC Thread#0" [stack: 0x000000732a700000,0x000000732a800000] [id=17120]
  0x0000018ab6329000 GCTaskThread "GC Thread#1" [stack: 0x000000732b800000,0x000000732b900000] [id=10484]
  0x0000018ab6329800 GCTaskThread "GC Thread#2" [stack: 0x000000732b900000,0x000000732ba00000] [id=8400]
  0x0000018ab806a800 GCTaskThread "GC Thread#3" [stack: 0x000000732c700000,0x000000732c800000] [id=6596]
  0x0000018ab6b60800 GCTaskThread "GC Thread#4" [stack: 0x000000732c800000,0x000000732c900000] [id=12444]
  0x0000018ab6eaf800 GCTaskThread "GC Thread#5" [stack: 0x000000732c900000,0x000000732ca00000] [id=13552]
  0x0000018ab8221000 GCTaskThread "GC Thread#6" [stack: 0x000000732ca00000,0x000000732cb00000] [id=3724]
  0x0000018ab7e28000 GCTaskThread "GC Thread#7" [stack: 0x000000732cb00000,0x000000732cc00000] [id=10176]
  0x0000018a98721000 ConcurrentGCThread "G1 Main Marker" [stack: 0x000000732a800000,0x000000732a900000] [id=12260]
  0x0000018a98724000 ConcurrentGCThread "G1 Conc#0" [stack: 0x000000732a900000,0x000000732aa00000] [id=15516]
  0x0000018ab83cf800 ConcurrentGCThread "G1 Conc#1" [stack: 0x000000732cc00000,0x000000732cd00000] [id=16036]
  0x0000018a987bc000 ConcurrentGCThread "G1 Refine#0" [stack: 0x000000732aa00000,0x000000732ab00000] [id=3868]
  0x0000018a987bd000 ConcurrentGCThread "G1 Young RemSet Sampling" [stack: 0x000000732ab00000,0x000000732ac00000] [id=5320]

Threads with active compile tasks:
C2 CompilerThread0  2596       4       org.codehaus.groovy.reflection.ParameterTypes::getParameterTypes (16 bytes)
C2 CompilerThread1  2196   !   4       java.lang.ClassLoader::loadClass (122 bytes)
C2 CompilerThread2  2485   !   4       java.net.URLClassLoader$1::run (63 bytes)

VM state:not at safepoint (normal execution)

VM Mutex/Monitor currently owned by a thread: None

Heap address: 0x00000000c0000000, size: 1024 MB, Compressed Oops mode: 32-bit
Narrow klass base: 0x0000000800000000, Narrow klass shift: 3
Compressed class space size: 1073741824 Address: 0x0000000801190000

Heap:
 garbage-first heap   total 71680K, used 24062K [0x00000000c0000000, 0x0000000100000000)
  region size 1024K, 8 young (8192K), 3 survivors (3072K)
 Metaspace       used 25527K, capacity 26193K, committed 26368K, reserved 1071104K
  class space    used 3509K, capacity 3715K, committed 3840K, reserved 1048576K
Heap Regions: E=young(eden), S=young(survivor), O=old, HS=humongous(starts), HC=humongous(continues), CS=collection set, F=free, A=archive, TAMS=top-at-mark-start (previous, next)
|   0|0x00000000c0000000, 0x00000000c0100000, 0x00000000c0100000|100%|HS|  |TAMS 0x00000000c0100000, 0x00000000c0000000| Complete 
|   1|0x00000000c0100000, 0x00000000c0200000, 0x00000000c0200000|100%|HC|  |TAMS 0x00000000c0200000, 0x00000000c0100000| Complete 
|   2|0x00000000c0200000, 0x00000000c0300000, 0x00000000c0300000|100%| O|  |TAMS 0x00000000c0300000, 0x00000000c0200000| Untracked 
|   3|0x00000000c0300000, 0x00000000c0400000, 0x00000000c0400000|100%| O|  |TAMS 0x00000000c0391600, 0x00000000c0300000| Untracked 
|   4|0x00000000c0400000, 0x00000000c0500000, 0x00000000c0500000|100%| O|  |TAMS 0x00000000c0400000, 0x00000000c0400000| Untracked 
|   5|0x00000000c0500000, 0x00000000c0500000, 0x00000000c0600000|  0%| F|  |TAMS 0x00000000c0500000, 0x00000000c0500000| Untracked 
|   6|0x00000000c0600000, 0x00000000c0600000, 0x00000000c0700000|  0%| F|  |TAMS 0x00000000c0600000, 0x00000000c0600000| Untracked 
|   7|0x00000000c0700000, 0x00000000c0800000, 0x00000000c0800000|100%| O|  |TAMS 0x00000000c0700000, 0x00000000c0700000| Untracked 
|   8|0x00000000c0800000, 0x00000000c0900000, 0x00000000c0900000|100%| O|  |TAMS 0x00000000c0800000, 0x00000000c0800000| Untracked 
|   9|0x00000000c0900000, 0x00000000c0a00000, 0x00000000c0a00000|100%| O|  |TAMS 0x00000000c0900000, 0x00000000c0900000| Untracked 
|  10|0x00000000c0a00000, 0x00000000c0b00000, 0x00000000c0b00000|100%| O|  |TAMS 0x00000000c0a00000, 0x00000000c0a00000| Untracked 
|  11|0x00000000c0b00000, 0x00000000c0c00000, 0x00000000c0c00000|100%| O|  |TAMS 0x00000000c0b00000, 0x00000000c0b00000| Untracked 
|  12|0x00000000c0c00000, 0x00000000c0d00000, 0x00000000c0d00000|100%| O|  |TAMS 0x00000000c0c00000, 0x00000000c0c00000| Untracked 
|  13|0x00000000c0d00000, 0x00000000c0e00000, 0x00000000c0e00000|100%| O|  |TAMS 0x00000000c0d00000, 0x00000000c0d00000| Untracked 
|  14|0x00000000c0e00000, 0x00000000c0f00000, 0x00000000c0f00000|100%| O|  |TAMS 0x00000000c0e00000, 0x00000000c0e00000| Untracked 
|  15|0x00000000c0f00000, 0x00000000c1000000, 0x00000000c1000000|100%| O|  |TAMS 0x00000000c0f00000, 0x00000000c0f00000| Untracked 
|  16|0x00000000c1000000, 0x00000000c1058800, 0x00000000c1100000| 34%| O|  |TAMS 0x00000000c1000000, 0x00000000c1000000| Untracked 
|  17|0x00000000c1100000, 0x00000000c1200000, 0x00000000c1200000|100%| O|  |TAMS 0x00000000c1100000, 0x00000000c1100000| Untracked 
|  18|0x00000000c1200000, 0x00000000c1300000, 0x00000000c1300000|100%| O|  |TAMS 0x00000000c1200000, 0x00000000c1200000| Untracked 
|  19|0x00000000c1300000, 0x00000000c1369400, 0x00000000c1400000| 41%| O|  |TAMS 0x00000000c1300000, 0x00000000c1300000| Untracked 
|  20|0x00000000c1400000, 0x00000000c1400000, 0x00000000c1500000|  0%| F|  |TAMS 0x00000000c1400000, 0x00000000c1400000| Untracked 
|  21|0x00000000c1500000, 0x00000000c1500000, 0x00000000c1600000|  0%| F|  |TAMS 0x00000000c1500000, 0x00000000c1500000| Untracked 
|  22|0x00000000c1600000, 0x00000000c1600000, 0x00000000c1700000|  0%| F|  |TAMS 0x00000000c1600000, 0x00000000c1600000| Untracked 
|  23|0x00000000c1700000, 0x00000000c1700000, 0x00000000c1800000|  0%| F|  |TAMS 0x00000000c1700000, 0x00000000c1700000| Untracked 
|  24|0x00000000c1800000, 0x00000000c1800000, 0x00000000c1900000|  0%| F|  |TAMS 0x00000000c1800000, 0x00000000c1800000| Untracked 
|  25|0x00000000c1900000, 0x00000000c19bddc8, 0x00000000c1a00000| 74%| S|CS|TAMS 0x00000000c1900000, 0x00000000c1900000| Complete 
|  26|0x00000000c1a00000, 0x00000000c1b00000, 0x00000000c1b00000|100%| S|CS|TAMS 0x00000000c1a00000, 0x00000000c1a00000| Complete 
|  27|0x00000000c1b00000, 0x00000000c1c00000, 0x00000000c1c00000|100%| S|CS|TAMS 0x00000000c1b00000, 0x00000000c1b00000| Complete 
|  28|0x00000000c1c00000, 0x00000000c1c00000, 0x00000000c1d00000|  0%| F|  |TAMS 0x00000000c1c00000, 0x00000000c1c00000| Untracked 
|  29|0x00000000c1d00000, 0x00000000c1d00000, 0x00000000c1e00000|  0%| F|  |TAMS 0x00000000c1d00000, 0x00000000c1d00000| Untracked 
|  30|0x00000000c1e00000, 0x00000000c1e00000, 0x00000000c1f00000|  0%| F|  |TAMS 0x00000000c1e00000, 0x00000000c1e00000| Untracked 
|  31|0x00000000c1f00000, 0x00000000c1f00000, 0x00000000c2000000|  0%| F|  |TAMS 0x00000000c1f00000, 0x00000000c1f00000| Untracked 
|  32|0x00000000c2000000, 0x00000000c2000000, 0x00000000c2100000|  0%| F|  |TAMS 0x00000000c2000000, 0x00000000c2000000| Untracked 
|  33|0x00000000c2100000, 0x00000000c2100000, 0x00000000c2200000|  0%| F|  |TAMS 0x00000000c2100000, 0x00000000c2100000| Untracked 
|  34|0x00000000c2200000, 0x00000000c2200000, 0x00000000c2300000|  0%| F|  |TAMS 0x00000000c2200000, 0x00000000c2200000| Untracked 
|  35|0x00000000c2300000, 0x00000000c2300000, 0x00000000c2400000|  0%| F|  |TAMS 0x00000000c2300000, 0x00000000c2300000| Untracked 
|  36|0x00000000c2400000, 0x00000000c2400000, 0x00000000c2500000|  0%| F|  |TAMS 0x00000000c2400000, 0x00000000c2400000| Untracked 
|  37|0x00000000c2500000, 0x00000000c2500000, 0x00000000c2600000|  0%| F|  |TAMS 0x00000000c2500000, 0x00000000c2500000| Untracked 
|  38|0x00000000c2600000, 0x00000000c2600000, 0x00000000c2700000|  0%| F|  |TAMS 0x00000000c2600000, 0x00000000c2600000| Untracked 
|  39|0x00000000c2700000, 0x00000000c2700000, 0x00000000c2800000|  0%| F|  |TAMS 0x00000000c2700000, 0x00000000c2700000| Untracked 
|  40|0x00000000c2800000, 0x00000000c2800000, 0x00000000c2900000|  0%| F|  |TAMS 0x00000000c2800000, 0x00000000c2800000| Untracked 
|  41|0x00000000c2900000, 0x00000000c2900000, 0x00000000c2a00000|  0%| F|  |TAMS 0x00000000c2900000, 0x00000000c2900000| Untracked 
|  42|0x00000000c2a00000, 0x00000000c2a00000, 0x00000000c2b00000|  0%| F|  |TAMS 0x00000000c2a00000, 0x00000000c2a00000| Untracked 
|  43|0x00000000c2b00000, 0x00000000c2b00000, 0x00000000c2c00000|  0%| F|  |TAMS 0x00000000c2b00000, 0x00000000c2b00000| Untracked 
|  44|0x00000000c2c00000, 0x00000000c2c00000, 0x00000000c2d00000|  0%| F|  |TAMS 0x00000000c2c00000, 0x00000000c2c00000| Untracked 
|  45|0x00000000c2d00000, 0x00000000c2d00000, 0x00000000c2e00000|  0%| F|  |TAMS 0x00000000c2d00000, 0x00000000c2d00000| Untracked 
|  46|0x00000000c2e00000, 0x00000000c2e00000, 0x00000000c2f00000|  0%| F|  |TAMS 0x00000000c2e00000, 0x00000000c2e00000| Untracked 
|  47|0x00000000c2f00000, 0x00000000c2f00000, 0x00000000c3000000|  0%| F|  |TAMS 0x00000000c2f00000, 0x00000000c2f00000| Untracked 
|  48|0x00000000c3000000, 0x00000000c3000000, 0x00000000c3100000|  0%| F|  |TAMS 0x00000000c3000000, 0x00000000c3000000| Untracked 
|  49|0x00000000c3100000, 0x00000000c3100000, 0x00000000c3200000|  0%| F|  |TAMS 0x00000000c3100000, 0x00000000c3100000| Untracked 
|  50|0x00000000c3200000, 0x00000000c3200000, 0x00000000c3300000|  0%| F|  |TAMS 0x00000000c3200000, 0x00000000c3200000| Untracked 
|  51|0x00000000c3300000, 0x00000000c3300000, 0x00000000c3400000|  0%| F|  |TAMS 0x00000000c3300000, 0x00000000c3300000| Untracked 
|  52|0x00000000c3400000, 0x00000000c3400000, 0x00000000c3500000|  0%| F|  |TAMS 0x00000000c3400000, 0x00000000c3400000| Untracked 
|  53|0x00000000c3500000, 0x00000000c3500000, 0x00000000c3600000|  0%| F|  |TAMS 0x00000000c3500000, 0x00000000c3500000| Untracked 
|  54|0x00000000c3600000, 0x00000000c3600000, 0x00000000c3700000|  0%| F|  |TAMS 0x00000000c3600000, 0x00000000c3600000| Untracked 
|  55|0x00000000c3700000, 0x00000000c3700000, 0x00000000c3800000|  0%| F|  |TAMS 0x00000000c3700000, 0x00000000c3700000| Untracked 
|  56|0x00000000c3800000, 0x00000000c3800000, 0x00000000c3900000|  0%| F|  |TAMS 0x00000000c3800000, 0x00000000c3800000| Untracked 
|  57|0x00000000c3900000, 0x00000000c3900000, 0x00000000c3a00000|  0%| F|  |TAMS 0x00000000c3900000, 0x00000000c3900000| Untracked 
|  58|0x00000000c3a00000, 0x00000000c3a00000, 0x00000000c3b00000|  0%| F|  |TAMS 0x00000000c3a00000, 0x00000000c3a00000| Untracked 
|  59|0x00000000c3b00000, 0x00000000c3b00000, 0x00000000c3c00000|  0%| F|  |TAMS 0x00000000c3b00000, 0x00000000c3b00000| Untracked 
|  60|0x00000000c3c00000, 0x00000000c3c00000, 0x00000000c3d00000|  0%| F|  |TAMS 0x00000000c3c00000, 0x00000000c3c00000| Untracked 
|  61|0x00000000c3d00000, 0x00000000c3d00000, 0x00000000c3e00000|  0%| F|  |TAMS 0x00000000c3d00000, 0x00000000c3d00000| Untracked 
|  62|0x00000000c3e00000, 0x00000000c3e00000, 0x00000000c3f00000|  0%| F|  |TAMS 0x00000000c3e00000, 0x00000000c3e00000| Untracked 
|  63|0x00000000c3f00000, 0x00000000c3f00000, 0x00000000c4000000|  0%| F|  |TAMS 0x00000000c3f00000, 0x00000000c3f00000| Untracked 
|  64|0x00000000c4000000, 0x00000000c4000000, 0x00000000c4100000|  0%| F|  |TAMS 0x00000000c4000000, 0x00000000c4000000| Untracked 
|  90|0x00000000c5a00000, 0x00000000c5af3c48, 0x00000000c5b00000| 95%| E|  |TAMS 0x00000000c5a00000, 0x00000000c5a00000| Complete 
|  91|0x00000000c5b00000, 0x00000000c5c00000, 0x00000000c5c00000|100%| E|CS|TAMS 0x00000000c5b00000, 0x00000000c5b00000| Complete 
|  92|0x00000000c5c00000, 0x00000000c5d00000, 0x00000000c5d00000|100%| E|CS|TAMS 0x00000000c5c00000, 0x00000000c5c00000| Complete 
|  93|0x00000000c5d00000, 0x00000000c5e00000, 0x00000000c5e00000|100%| E|CS|TAMS 0x00000000c5d00000, 0x00000000c5d00000| Complete 
| 127|0x00000000c7f00000, 0x00000000c8000000, 0x00000000c8000000|100%| E|CS|TAMS 0x00000000c7f00000, 0x00000000c7f00000| Complete 

Card table byte_map: [0x0000018ab0020000,0x0000018ab0220000] _byte_map_base: 0x0000018aafa20000

Marking Bits (Prev, Next): (CMBitMap*) 0x0000018a98719248, (CMBitMap*) 0x0000018a98719208
 Prev Bits: [0x0000018ab1420000, 0x0000018ab2420000)
 Next Bits: [0x0000018ab0420000, 0x0000018ab1420000)

Polling page: 0x0000018a96870000

Metaspace:

Usage:
  Non-class:     21.95 MB capacity,    21.51 MB ( 98%) used,   413.91 KB (  2%) free+waste,    37.25 KB ( <1%) overhead. 
      Class:      3.63 MB capacity,     3.43 MB ( 95%) used,   185.37 KB (  5%) free+waste,    18.44 KB ( <1%) overhead. 
       Both:     25.58 MB capacity,    24.94 MB ( 97%) used,   599.28 KB (  2%) free+waste,    55.69 KB ( <1%) overhead. 

Virtual space:
  Non-class space:       22.00 MB reserved,      22.00 MB (100%) committed 
      Class space:        1.00 GB reserved,       3.75 MB ( <1%) committed 
             Both:        1.02 GB reserved,      25.75 MB (  2%) committed 

Chunk freelists:
   Non-Class:  6.25 KB
       Class:  3.63 KB
        Both:  9.88 KB

CodeHeap 'non-profiled nmethods': size=120000Kb used=1089Kb max_used=1089Kb free=118910Kb
 bounds [0x0000018aa85c0000, 0x0000018aa8830000, 0x0000018aafaf0000]
CodeHeap 'profiled nmethods': size=120000Kb used=5310Kb max_used=5310Kb free=114689Kb
 bounds [0x0000018aa1090000, 0x0000018aa15d0000, 0x0000018aa85c0000]
CodeHeap 'non-nmethods': size=5760Kb used=2204Kb max_used=2252Kb free=3555Kb
 bounds [0x0000018aa0af0000, 0x0000018aa0d60000, 0x0000018aa1090000]
 total_blobs=3929 nmethods=2417 adapters=651
 compilation: enabled
              stopped_count=0, restarted_count=0
 full_count=0

Compilation events (10 events):
Event: 2.890 Thread 0x0000018ab4e4b000 2592       3       java.util.Collections$UnmodifiableMap$UnmodifiableEntrySet$1::hasNext (10 bytes)
Event: 2.890 Thread 0x0000018ab4e4b000 nmethod 2592 0x0000018aa15ae910 code [0x0000018aa15aeae0, 0x0000018aa15aed30]
Event: 2.890 Thread 0x0000018ab4e4b000 2589       3       java.lang.Class::getGenericSuperclass (28 bytes)
Event: 2.891 Thread 0x0000018ab4e4b000 nmethod 2589 0x0000018aa15aee10 code [0x0000018aa15af080, 0x0000018aa15afae0]
Event: 2.891 Thread 0x0000018ab4e4b000 2595       3       java.lang.reflect.AccessibleObject::setAccessible (87 bytes)
Event: 2.891 Thread 0x0000018ab4e4b000 nmethod 2595 0x0000018aa15afe10 code [0x0000018aa15b0060, 0x0000018aa15b09c0]
Event: 2.891 Thread 0x0000018ab4e4b000 2591       3       sun.reflect.generics.reflectiveObjects.TypeVariableImpl::hashCode (16 bytes)
Event: 2.892 Thread 0x0000018ab4e4b000 nmethod 2591 0x0000018aa15b0d10 code [0x0000018aa15b0ee0, 0x0000018aa15b1180]
Event: 2.892 Thread 0x0000018ab4e4b000 2593       3       org.codehaus.groovy.util.ComplexKeyHashMap::getEntrySetIterator (9 bytes)
Event: 2.892 Thread 0x0000018ab4e4b000 nmethod 2593 0x0000018aa15b1290 code [0x0000018aa15b1460, 0x0000018aa15b1690]

GC Heap History (6 events):
Event: 0.470 GC heap before
{Heap before GC invocations=0 (full 0):
 garbage-first heap   total 131072K, used 25600K [0x00000000c0000000, 0x0000000100000000)
  region size 1024K, 24 young (24576K), 0 survivors (0K)
 Metaspace       used 3576K, capacity 6516K, committed 6656K, reserved 1056768K
  class space    used 468K, capacity 766K, committed 768K, reserved 1048576K
}
Event: 0.475 GC heap after
{Heap after GC invocations=1 (full 0):
 garbage-first heap   total 131072K, used 6725K [0x00000000c0000000, 0x0000000100000000)
  region size 1024K, 3 young (3072K), 3 survivors (3072K)
 Metaspace       used 3576K, capacity 6516K, committed 6656K, reserved 1056768K
  class space    used 468K, capacity 766K, committed 768K, reserved 1048576K
}
Event: 1.793 GC heap before
{Heap before GC invocations=1 (full 0):
 garbage-first heap   total 131072K, used 81477K [0x00000000c0000000, 0x0000000100000000)
  region size 1024K, 76 young (77824K), 3 survivors (3072K)
 Metaspace       used 13434K, capacity 13955K, committed 14080K, reserved 1060864K
  class space    used 2025K, capacity 2200K, committed 2304K, reserved 1048576K
}
Event: 1.798 GC heap after
{Heap after GC invocations=2 (full 0):
 garbage-first heap   total 131072K, used 13620K [0x00000000c0000000, 0x0000000100000000)
  region size 1024K, 10 young (10240K), 10 survivors (10240K)
 Metaspace       used 13434K, capacity 13955K, committed 14080K, reserved 1060864K
  class space    used 2025K, capacity 2200K, committed 2304K, reserved 1048576K
}
Event: 2.332 GC heap before
{Heap before GC invocations=2 (full 0):
 garbage-first heap   total 131072K, used 50484K [0x00000000c0000000, 0x0000000100000000)
  region size 1024K, 44 young (45056K), 10 survivors (10240K)
 Metaspace       used 20712K, capacity 21192K, committed 21248K, reserved 1067008K
  class space    used 2847K, capacity 3054K, committed 3072K, reserved 1048576K
}
Event: 2.341 GC heap after
{Heap after GC invocations=3 (full 0):
 garbage-first heap   total 131072K, used 19334K [0x00000000c0000000, 0x0000000100000000)
  region size 1024K, 4 young (4096K), 4 survivors (4096K)
 Metaspace       used 20712K, capacity 21192K, committed 21248K, reserved 1067008K
  class space    used 2847K, capacity 3054K, committed 3072K, reserved 1048576K
}

Deoptimization events (10 events):
Event: 2.287 Thread 0x0000018ab6c04800 Uncommon trap: reason=class_check action=maybe_recompile pc=0x0000018aa8680d84 method=jdk.internal.loader.URLClassPath.getLoader(I)Ljdk/internal/loader/URLClassPath$Loader; @ 190 c2
Event: 2.295 Thread 0x0000018ab6c04800 Uncommon trap: reason=class_check action=maybe_recompile pc=0x0000018aa8680d84 method=jdk.internal.loader.URLClassPath.getLoader(I)Ljdk/internal/loader/URLClassPath$Loader; @ 190 c2
Event: 2.379 Thread 0x0000018ab6c04800 Uncommon trap: reason=unstable_if action=reinterpret pc=0x0000018aa861978c method=java.util.LinkedHashMap.afterNodeInsertion(Z)V @ 1 c2
Event: 2.441 Thread 0x0000018ab6c04800 Uncommon trap: reason=unstable_if action=reinterpret pc=0x0000018aa865dff4 method=java.util.HashMap.hash(Ljava/lang/Object;)I @ 1 c2
Event: 2.449 Thread 0x0000018ab6c04800 Uncommon trap: reason=unstable_if action=reinterpret pc=0x0000018aa85d9c5c method=java.util.HashMap.hash(Ljava/lang/Object;)I @ 1 c2
Event: 2.486 Thread 0x0000018ab6c04800 Uncommon trap: reason=unstable_if action=reinterpret pc=0x0000018aa8638930 method=java.util.HashMap.hash(Ljava/lang/Object;)I @ 1 c2
Event: 2.486 Thread 0x0000018ab6c04800 Uncommon trap: reason=unstable_if action=reinterpret pc=0x0000018aa85fc324 method=java.util.HashMap.hash(Ljava/lang/Object;)I @ 1 c2
Event: 2.486 Thread 0x0000018ab6c04800 Uncommon trap: reason=unstable_if action=reinterpret pc=0x0000018aa8666294 method=java.util.HashMap.putVal(ILjava/lang/Object;Ljava/lang/Object;ZZ)Ljava/lang/Object; @ 85 c2
Event: 2.737 Thread 0x0000018ab6c04800 Uncommon trap: reason=class_check action=maybe_recompile pc=0x0000018aa868066c method=jdk.internal.loader.URLClassPath.getLoader(I)Ljdk/internal/loader/URLClassPath$Loader; @ 88 c2
Event: 2.847 Thread 0x0000018ab6c04800 Uncommon trap: reason=unstable_if action=reinterpret pc=0x0000018aa8612bb8 method=java.io.WinNTFileSystem.resolve(Ljava/lang/String;Ljava/lang/String;)Ljava/lang/String; @ 83 c2

Classes redefined (0 events):
No events

Internal exceptions (10 events):
Event: 2.878 Thread 0x0000018ab6c04800 Exception <a 'java/lang/ClassNotFoundException'{0x00000000c21fc7a0}: org/gradle/api/internal/DefaultNamedDomainObjectCollectionBeanInfo> (0x00000000c21fc7a0) thrown at [t:/workspace/open/src/hotspot/share/classfile/systemDictionary.cpp, line 235]
Event: 2.879 Thread 0x0000018ab6c04800 Exception <a 'java/lang/ClassNotFoundException'{0x00000000c2019568}: org/gradle/api/internal/DefaultDomainObjectCollectionBeanInfo> (0x00000000c2019568) thrown at [t:/workspace/open/src/hotspot/share/classfile/systemDictionary.cpp, line 235]
Event: 2.879 Thread 0x0000018ab6c04800 Exception <a 'java/lang/ClassNotFoundException'{0x00000000c201e558}: java/util/AbstractCollectionBeanInfo> (0x00000000c201e558) thrown at [t:/workspace/open/src/hotspot/share/classfile/systemDictionary.cpp, line 235]
Event: 2.879 Thread 0x0000018ab6c04800 Exception <a 'java/lang/ClassNotFoundException'{0x00000000c2023518}: java/util/AbstractCollectionCustomizer> (0x00000000c2023518) thrown at [t:/workspace/open/src/hotspot/share/classfile/systemDictionary.cpp, line 235]
Event: 2.880 Thread 0x0000018ab6c04800 Exception <a 'java/lang/ClassNotFoundException'{0x00000000c204a420}: org/gradle/api/internal/DefaultDomainObjectCollectionCustomizer> (0x00000000c204a420) thrown at [t:/workspace/open/src/hotspot/share/classfile/systemDictionary.cpp, line 235]
Event: 2.883 Thread 0x0000018ab6c04800 Exception <a 'java/lang/ClassNotFoundException'{0x00000000c208a5d0}: org/gradle/api/internal/DefaultNamedDomainObjectCollectionCustomizer> (0x00000000c208a5d0) thrown at [t:/workspace/open/src/hotspot/share/classfile/systemDictionary.cpp, line 235]
Event: 2.884 Thread 0x0000018ab6c04800 Exception <a 'java/lang/ClassNotFoundException'{0x00000000c20cf010}: org/gradle/api/internal/DefaultNamedDomainObjectListCustomizer> (0x00000000c20cf010) thrown at [t:/workspace/open/src/hotspot/share/classfile/systemDictionary.cpp, line 235]
Event: 2.886 Thread 0x0000018ab6c04800 Exception <a 'java/lang/ClassNotFoundException'{0x00000000c1f16d40}: org/gradle/api/internal/artifacts/DefaultArtifactRepositoryContainerCustomizer> (0x00000000c1f16d40) thrown at [t:/workspace/open/src/hotspot/share/classfile/systemDictionary.cpp, line 2
Event: 2.887 Thread 0x0000018ab6c04800 Exception <a 'java/lang/ClassNotFoundException'{0x00000000c1f55238}: org/gradle/api/internal/artifacts/dsl/DefaultRepositoryHandlerCustomizer> (0x00000000c1f55238) thrown at [t:/workspace/open/src/hotspot/share/classfile/systemDictionary.cpp, line 235]
Event: 2.889 Thread 0x0000018ab6c04800 Exception <a 'java/lang/ClassNotFoundException'{0x00000000c1f96140}: org/gradle/api/internal/artifacts/dsl/DefaultRepositoryHandler_DecoratedCustomizer> (0x00000000c1f96140) thrown at [t:/workspace/open/src/hotspot/share/classfile/systemDictionary.cpp, li

Events (10 events):
Event: 2.893 loading class org/gradle/api/internal/artifacts/repositories/AbstractArtifactRepository
Event: 2.893 loading class org/gradle/api/internal/artifacts/repositories/AbstractArtifactRepository done
Event: 2.893 loading class org/gradle/api/internal/artifacts/repositories/ArtifactRepositoryInternal
Event: 2.893 loading class org/gradle/api/internal/artifacts/repositories/ArtifactRepositoryInternal done
Event: 2.894 loading class org/gradle/internal/authentication/DefaultAuthenticationContainer
Event: 2.894 loading class org/gradle/internal/authentication/DefaultAuthenticationContainer done
Event: 2.894 loading class org/gradle/api/internal/DefaultPolymorphicDomainObjectContainer
Event: 2.894 loading class org/gradle/api/internal/DefaultPolymorphicDomainObjectContainer done
Event: 2.894 loading class org/gradle/api/ExtensiblePolymorphicDomainObjectContainer
Event: 2.894 loading class org/gradle/api/ExtensiblePolymorphicDomainObjectContainer done


Dynamic libraries:
0x00007ff61da70000 - 0x00007ff61da7f000 	C:\Program Files\Java\jdk-12.0.2\bin\java.exe
0x00007ffce3210000 - 0x00007ffce33fd000 	C:\windows\SYSTEM32\ntdll.dll
0x00007ffce2c60000 - 0x00007ffce2d13000 	C:\windows\System32\KERNEL32.DLL
0x00007ffcdf490000 - 0x00007ffcdf723000 	C:\windows\System32\KERNELBASE.dll
0x00007ffce0290000 - 0x00007ffce038a000 	C:\windows\System32\ucrtbase.dll
0x00007ffcd2fb0000 - 0x00007ffcd2fc6000 	C:\Program Files\Java\jdk-12.0.2\bin\VCRUNTIME140.dll
0x00007ffcd5d00000 - 0x00007ffcd5d18000 	C:\Program Files\Java\jdk-12.0.2\bin\jli.dll
0x00007ffce3080000 - 0x00007ffce3123000 	C:\windows\System32\ADVAPI32.dll
0x00007ffce0990000 - 0x00007ffce0a2e000 	C:\windows\System32\msvcrt.dll
0x00007ffce2990000 - 0x00007ffce2a2e000 	C:\windows\System32\sechost.dll
0x00007ffce2860000 - 0x00007ffce2982000 	C:\windows\System32\RPCRT4.dll
0x00007ffce1ff0000 - 0x00007ffce2187000 	C:\windows\System32\USER32.dll
0x00007ffcdf470000 - 0x00007ffcdf490000 	C:\windows\System32\win32u.dll
0x00007ffcced80000 - 0x00007ffcceff9000 	C:\windows\WinSxS\amd64_microsoft.windows.common-controls_6595b64144ccf1df_6.0.17763.864_none_05b3441807210760\COMCTL32.dll
0x00007ffce1fc0000 - 0x00007ffce1fe9000 	C:\windows\System32\GDI32.dll
0x00007ffce2d20000 - 0x00007ffce304c000 	C:\windows\System32\combase.dll
0x00007ffcdf2d0000 - 0x00007ffcdf469000 	C:\windows\System32\gdi32full.dll
0x00007ffce03b0000 - 0x00007ffce042e000 	C:\windows\System32\bcryptPrimitives.dll
0x00007ffcdffe0000 - 0x00007ffce0080000 	C:\windows\System32\msvcp_win.dll
0x00007ffcd7010000 - 0x00007ffcd701a000 	C:\windows\SYSTEM32\VERSION.dll
0x00007ffce3050000 - 0x00007ffce307e000 	C:\windows\System32\IMM32.DLL
0x00007ffcc13c0000 - 0x00007ffcc146a000 	C:\Program Files\Java\jdk-12.0.2\bin\msvcp140.dll
0x00007ffc923a0000 - 0x00007ffc92f17000 	C:\Program Files\Java\jdk-12.0.2\bin\server\jvm.dll
0x00007ffce23d0000 - 0x00007ffce23d8000 	C:\windows\System32\PSAPI.DLL
0x00007ffcd9640000 - 0x00007ffcd9649000 	C:\windows\SYSTEM32\WSOCK32.dll
0x00007ffcd97d0000 - 0x00007ffcd97f4000 	C:\windows\SYSTEM32\WINMM.dll
0x00007ffce2360000 - 0x00007ffce23cd000 	C:\windows\System32\WS2_32.dll
0x00007ffcd97a0000 - 0x00007ffcd97cd000 	C:\windows\SYSTEM32\WINMMBASE.dll
0x00007ffcdff90000 - 0x00007ffcdffda000 	C:\windows\System32\cfgmgr32.dll
0x00007ffcdf250000 - 0x00007ffcdf261000 	C:\windows\System32\kernel.appcore.dll
0x00007ffcce7b0000 - 0x00007ffcce7c1000 	C:\Program Files\Java\jdk-12.0.2\bin\verify.dll
0x00007ffcddc10000 - 0x00007ffcdddfd000 	C:\windows\SYSTEM32\DBGHELP.DLL
0x00007ffcc6550000 - 0x00007ffcc657a000 	C:\windows\SYSTEM32\dbgcore.DLL
0x00007ffcc8ed0000 - 0x00007ffcc8ef6000 	C:\Program Files\Java\jdk-12.0.2\bin\java.dll
0x00007ffcc7120000 - 0x00007ffcc7137000 	C:\Program Files\Java\jdk-12.0.2\bin\zip.dll
0x00007ffcd7660000 - 0x00007ffcd766a000 	C:\Program Files\Java\jdk-12.0.2\bin\jimage.dll
0x00007ffce0aa0000 - 0x00007ffce1f94000 	C:\windows\System32\SHELL32.dll
0x00007ffce07b0000 - 0x00007ffce0858000 	C:\windows\System32\shcore.dll
0x00007ffcdf730000 - 0x00007ffcdfe7d000 	C:\windows\System32\windows.storage.dll
0x00007ffcdf200000 - 0x00007ffcdf224000 	C:\windows\System32\profapi.dll
0x00007ffcdf270000 - 0x00007ffcdf2cd000 	C:\windows\System32\powrprof.dll
0x00007ffce0680000 - 0x00007ffce06d2000 	C:\windows\System32\shlwapi.dll
0x00007ffce0390000 - 0x00007ffce03a7000 	C:\windows\System32\cryptsp.dll
0x00007ffcc7100000 - 0x00007ffcc7119000 	C:\Program Files\Java\jdk-12.0.2\bin\net.dll
0x00007ffcd5530000 - 0x00007ffcd5622000 	C:\windows\SYSTEM32\WINHTTP.dll
0x00007ffcce220000 - 0x00007ffcce3f7000 	C:\windows\SYSTEM32\urlmon.dll
0x00007ffcce4e0000 - 0x00007ffcce788000 	C:\windows\SYSTEM32\iertutil.dll
0x00007ffcdec40000 - 0x00007ffcdec4c000 	C:\windows\SYSTEM32\CRYPTBASE.DLL
0x00007ffcdea70000 - 0x00007ffcdead7000 	C:\windows\system32\mswsock.dll
0x00007ffcc70e0000 - 0x00007ffcc70f3000 	C:\Program Files\Java\jdk-12.0.2\bin\nio.dll
0x00007ffcc6d80000 - 0x00007ffcc6d9e000 	C:\Users\Alanf\.gradle\native\25\windows-amd64\native-platform.dll
0x00007ffcd6180000 - 0x00007ffcd6189000 	C:\Program Files\Java\jdk-12.0.2\bin\management.dll
0x00007ffcd60d0000 - 0x00007ffcd60dc000 	C:\Program Files\Java\jdk-12.0.2\bin\management_ext.dll
0x00007ffcde5f0000 - 0x00007ffcde623000 	C:\windows\system32\rsaenh.dll
0x00007ffce0260000 - 0x00007ffce0286000 	C:\windows\System32\bcrypt.dll
0x00007ffcdf100000 - 0x00007ffcdf128000 	C:\windows\SYSTEM32\USERENV.dll
0x00007ffcde790000 - 0x00007ffcde7cd000 	C:\windows\SYSTEM32\IPHLPAPI.DLL
0x00007ffce0a30000 - 0x00007ffce0a38000 	C:\windows\System32\NSI.dll
0x00007ffcd2d60000 - 0x00007ffcd2d76000 	C:\windows\SYSTEM32\dhcpcsvc6.DLL
0x00007ffcd5880000 - 0x00007ffcd589c000 	C:\windows\SYSTEM32\dhcpcsvc.DLL
0x00007ffcde7d0000 - 0x00007ffcde896000 	C:\windows\SYSTEM32\DNSAPI.dll

dbghelp: loaded successfully - version: 4.0.5 - missing functions: none
symbol engine: initialized successfully - sym options: 0x614 - pdb path: .;C:\Program Files\Java\jdk-12.0.2\bin;C:\windows\SYSTEM32;C:\windows\WinSxS\amd64_microsoft.windows.common-controls_6595b64144ccf1df_6.0.17763.864_none_05b3441807210760;C:\Program Files\Java\jdk-12.0.2\bin\server;C:\Users\Alanf\.gradle\native\25\windows-amd64

VM Arguments:
jvm_args: --add-opens=java.base/java.util=ALL-UNNAMED -XX:+HeapDumpOnOutOfMemoryError -Xmx1024m -Dfile.encoding=windows-1252 -Duser.country=BR -Duser.language=pt -Duser.variant 
java_command: org.gradle.launcher.daemon.bootstrap.GradleDaemon 4.10.2
java_class_path (initial): C:\Users\Alanf\.gradle\wrapper\dists\gradle-4.10.2-all\9fahxiiecdb76a5g3aw9oi8rv\gradle-4.10.2\lib\gradle-launcher-4.10.2.jar
Launcher Type: SUN_STANDARD

[Global flags]
     intx CICompilerCount                          = 4                                         {product} {ergonomic}
     uint ConcGCThreads                            = 2                                         {product} {ergonomic}
     uint G1ConcRefinementThreads                  = 8                                         {product} {ergonomic}
   size_t G1HeapRegionSize                         = 1048576                                   {product} {ergonomic}
    uintx GCDrainStackTargetSize                   = 64                                        {product} {ergonomic}
     bool HeapDumpOnOutOfMemoryError               = true                                   {manageable} {command line}
   size_t InitialHeapSize                          = 134217728                                 {product} {ergonomic}
   size_t MarkStackSize                            = 4194304                                   {product} {ergonomic}
   size_t MaxHeapSize                              = 1073741824                                {product} {command line}
   size_t MaxNewSize                               = 643825664                                 {product} {ergonomic}
   size_t MinHeapDeltaBytes                        = 1048576                                   {product} {ergonomic}
    uintx NonNMethodCodeHeapSize                   = 5836300                                {pd product} {ergonomic}
    uintx NonProfiledCodeHeapSize                  = 122910970                              {pd product} {ergonomic}
    uintx ProfiledCodeHeapSize                     = 122910970                              {pd product} {ergonomic}
    uintx ReservedCodeCacheSize                    = 251658240                              {pd product} {ergonomic}
     bool SegmentedCodeCache                       = true                                      {product} {ergonomic}
     bool UseCompressedClassPointers               = true                                 {lp64_product} {ergonomic}
     bool UseCompressedOops                        = true                                 {lp64_product} {ergonomic}
     bool UseG1GC                                  = true                                      {product} {ergonomic}
     bool UseLargePagesIndividualAllocation        = false                                  {pd product} {ergonomic}

Logging:
Log output configuration:
 #0: stdout all=warning uptime,level,tags
 #1: stderr all=off uptime,level,tags

Environment Variables:
JAVA_HOME=C:\Program Files\Java\jdk-12.0.2
CLASSPATH=C:\projetos\react-native-websocket-server-demo-master\react-native-websocket-server-demo-master\android\\gradle\wrapper\gradle-wrapper.jar
PATH=C:\Program Files (x86)\Common Files\Oracle\Java\javapath;C:\ProgramData\Oracle\Java\javapath;C:\Python27\;C:\Python27\Scripts;C:\Program Files (x86)\Intel\Intel(R) Management Engine Components\iCLS\;C:\Program Files\Intel\Intel(R) Management Engine Components\iCLS\;C:\windows\system32;C:\windows;C:\windows\System32\Wbem;C:\windows\System32\WindowsPowerShell\v1.0\;C:\windows\System32\OpenSSH\;C:\Program Files (x86)\NVIDIA Corporation\PhysX\Common;C:\Program Files (x86)\Intel\Intel(R) Management Engine Components\DAL;C:\Program Files\Intel\Intel(R) Management Engine Components\DAL;C:\ProgramData\chocolatey\bin;C:\Program Files\nodejs\;C:\Program Files\dotnet\;C:\Program Files\Microsoft SQL Server\130\Tools\Binn\;C:\Program Files\Microsoft SQL Server\Client SDK\ODBC\170\Tools\Binn\;C:\Program Files\Java\jdk1.8.0_211\bin;C:\Users\Alanf\AppData\Local\Android\Sdk\platform-tools;C:\Users\Alanf\AppData\Local\Android\Sdk\tools;C:\Users\Alanf\AppData\Local\Microsoft\WindowsApps;C:\Users\Alanf\AppData\Local\Programs\Microsoft VS Code\bin;C:\Users\Alanf\AppData\Roaming\npm;C:\Users\Alanf\AppData\Local\GitHubDesktop\bin
USERNAME=Alanf
OS=Windows_NT
PROCESSOR_IDENTIFIER=Intel64 Family 6 Model 142 Stepping 10, GenuineIntel



---------------  S Y S T E M  ---------------

OS: Windows 10 , 64 bit Build 17763 (10.0.17763.475)

CPU:total 8 (initial active 8) (4 cores per cpu, 2 threads per core) family 6 model 142 stepping 10, cmov, cx8, fxsr, mmx, sse, sse2, sse3, ssse3, sse4.1, sse4.2, popcnt, avx, avx2, aes, clmul, erms, 3dnowpref, lzcnt, ht, tsc, tscinvbit, bmi1, bmi2, adx, fma

Memory: 4k page, system-wide physical 8106M (683M free)
TotalPageFile size 8106M (AvailPageFile size 9M)
current process WorkingSet (physical memory assigned to process): 233M, peak: 233M
current process commit charge ("private bytes"): 285M, peak: 291M

vm_info: Java HotSpot(TM) 64-Bit Server VM (12.0.2+10) for windows-amd64 JRE (12.0.2+10), built on Jul 16 2019 01:56:17 by "mach5one" with MS VC++ 15.5 (VS2017)

END.
