#
# There is insufficient memory for the Java Runtime Environment to continue.
# Native memory allocation (malloc) failed to allocate 821536 bytes for Chunk::new
# Possible reasons:
#   The system is out of physical RAM or swap space
#   The process is running with CompressedOops enabled, and the Java Heap may be blocking the growth of the native heap
# Possible solutions:
#   Reduce memory load on the system
#   Increase physical memory or swap space
#   Check if swap backing store is full
#   Decrease Java heap size (-Xmx/-Xms)
#   Decrease number of Java threads
#   Decrease Java thread stack sizes (-Xss)
#   Set larger code cache with -XX:ReservedCodeCacheSize=
#   JVM is running with Unscaled Compressed Oops mode in which the Java heap is
#     placed in the first 4GB address space. The Java Heap base address is the
#     maximum limit for the native heap growth. Please use -XX:HeapBaseMinAddress
#     to set the Java Heap base and to place the Java Heap above 4GB virtual address.
# This output file may be truncated or incomplete.
#
#  Out of Memory Error (t:/workspace/open/src/hotspot/share/memory/arena.cpp:197), pid=13876, tid=2484
#
# JRE version: Java(TM) SE Runtime Environment (12.0.2+10) (build 12.0.2+10)
# Java VM: Java HotSpot(TM) 64-Bit Server VM (12.0.2+10, mixed mode, sharing, tiered, compressed oops, g1 gc, windows-amd64)
# No core dump will be written. Minidumps are not enabled by default on client versions of Windows
#

---------------  S U M M A R Y ------------

Command Line: --add-opens=java.base/java.util=ALL-UNNAMED -XX:+HeapDumpOnOutOfMemoryError -Xmx1024m -Dfile.encoding=windows-1252 -Duser.country=BR -Duser.language=pt -Duser.variant org.gradle.launcher.daemon.bootstrap.GradleDaemon 4.10.2

Host: Intel(R) Core(TM) i5-8250U CPU @ 1.60GHz, 8 cores, 7G,  Windows 10 , 64 bit Build 17763 (10.0.17763.475)
Time: Wed Nov 27 22:29:42 2019 Hora oficial do Brasil elapsed time: 10 seconds (0d 0h 0m 10s)

---------------  T H R E A D  ---------------

Current thread (0x000001d5a6f3f000):  JavaThread "C2 CompilerThread2" daemon [_thread_in_native, id=2484, stack(0x000000a90a900000,0x000000a90aa00000)]


Current CompileTask:
C2:  10215 8461   !   4       java.net.URLClassLoader::findClass (47 bytes)

Stack: [0x000000a90a900000,0x000000a90aa00000]
Native frames: (J=compiled Java code, j=interpreted, Vv=VM code, C=native code)
V  [jvm.dll+0x63aa2a]
V  [jvm.dll+0x78ce1e]
V  [jvm.dll+0x78e4c1]
V  [jvm.dll+0x78eb13]
V  [jvm.dll+0x2627e8]
V  [jvm.dll+0xc55cc]
V  [jvm.dll+0xc5b4c]
V  [jvm.dll+0x2d4034]
V  [jvm.dll+0x5569ad]
V  [jvm.dll+0x21de8e]
V  [jvm.dll+0x21b2b6]
V  [jvm.dll+0x199a20]
V  [jvm.dll+0x22a744]
V  [jvm.dll+0x228d98]
V  [jvm.dll+0x7512a0]
V  [jvm.dll+0x74a2c8]
V  [jvm.dll+0x639b16]
C  [ucrtbase.dll+0x21ffa]
C  [KERNEL32.DLL+0x17974]
C  [ntdll.dll+0x6a271]


---------------  P R O C E S S  ---------------

Threads class SMR info:
_java_thread_list=0x000001d5a7835440, length=38, elements={
0x000001d58586b800, 0x000001d5a3f3a800, 0x000001d5a3f3b800, 0x000001d5a3f53000,
0x000001d5a3f55800, 0x000001d5a3f57800, 0x000001d5a3f5e000, 0x000001d5a3f69000,
0x000001d5a49c4000, 0x000001d5a49c6800, 0x000001d5a49c2800, 0x000001d5a49c3000,
0x000001d5a49c5800, 0x000001d5a49c0800, 0x000001d5a49c7000, 0x000001d5a49c5000,
0x000001d5a49c1800, 0x000001d5a5dfb800, 0x000001d5a5dfd800, 0x000001d5a5df7800,
0x000001d5a5df9800, 0x000001d5a5dfe000, 0x000001d5a62ae800, 0x000001d5a6f3f000,
0x000001d5a9249000, 0x000001d5a924d800, 0x000001d5a9249800, 0x000001d5a924e800,
0x000001d5a924a800, 0x000001d5a924f800, 0x000001d5a9250000, 0x000001d5a9251000,
0x000001d5a924d000, 0x000001d5a924b800, 0x000001d5a9256000, 0x000001d5a9256800,
0x000001d5a73ea800, 0x000001d5a73ed000
}

Java Threads: ( => current thread )
  0x000001d58586b800 JavaThread "main" [_thread_blocked, id=11852, stack(0x000000a908300000,0x000000a908400000)]
  0x000001d5a3f3a800 JavaThread "Reference Handler" daemon [_thread_blocked, id=16908, stack(0x000000a908a00000,0x000000a908b00000)]
  0x000001d5a3f3b800 JavaThread "Finalizer" daemon [_thread_blocked, id=12784, stack(0x000000a908b00000,0x000000a908c00000)]
  0x000001d5a3f53000 JavaThread "Signal Dispatcher" daemon [_thread_blocked, id=2824, stack(0x000000a908c00000,0x000000a908d00000)]
  0x000001d5a3f55800 JavaThread "Attach Listener" daemon [_thread_blocked, id=9544, stack(0x000000a908d00000,0x000000a908e00000)]
  0x000001d5a3f57800 JavaThread "C2 CompilerThread0" daemon [_thread_blocked, id=15324, stack(0x000000a908e00000,0x000000a908f00000)]
  0x000001d5a3f5e000 JavaThread "C1 CompilerThread0" daemon [_thread_blocked, id=11456, stack(0x000000a908f00000,0x000000a909000000)]
  0x000001d5a3f69000 JavaThread "Sweeper thread" daemon [_thread_blocked, id=14304, stack(0x000000a909000000,0x000000a909100000)]
  0x000001d5a49c4000 JavaThread "Common-Cleaner" daemon [_thread_blocked, id=10152, stack(0x000000a909100000,0x000000a909200000)]
  0x000001d5a49c6800 JavaThread "Service Thread" daemon [_thread_blocked, id=16628, stack(0x000000a909200000,0x000000a909300000)]
  0x000001d5a49c2800 JavaThread "Daemon health stats" [_thread_blocked, id=5104, stack(0x000000a909700000,0x000000a909800000)]
  0x000001d5a49c3000 JavaThread "Incoming local TCP Connector on port 50997" [_thread_in_native, id=15388, stack(0x000000a909400000,0x000000a909500000)]
  0x000001d5a49c5800 JavaThread "Daemon periodic checks" [_thread_blocked, id=11628, stack(0x000000a909800000,0x000000a909900000)]
  0x000001d5a49c0800 JavaThread "Daemon" [_thread_blocked, id=6000, stack(0x000000a909900000,0x000000a909a00000)]
  0x000001d5a49c7000 JavaThread "Handler for socket connection from /127.0.0.1:50997 to /127.0.0.1:50998" [_thread_in_native, id=6264, stack(0x000000a909a00000,0x000000a909b00000)]
  0x000001d5a49c5000 JavaThread "Cancel handler" [_thread_blocked, id=12912, stack(0x000000a909b00000,0x000000a909c00000)]
  0x000001d5a49c1800 JavaThread "Daemon worker" [_thread_blocked, id=17100, stack(0x000000a909c00000,0x000000a909d00000)]
  0x000001d5a5dfb800 JavaThread "Asynchronous log dispatcher for DefaultDaemonConnection: socket connection from /127.0.0.1:50997 to /127.0.0.1:50998" [_thread_blocked, id=10672, stack(0x000000a909d00000,0x000000a909e00000)]
  0x000001d5a5dfd800 JavaThread "Stdin handler" [_thread_blocked, id=12476, stack(0x000000a909e00000,0x000000a909f00000)]
  0x000001d5a5df7800 JavaThread "Cache worker for file hash cache (C:\Users\Alanf\.gradle\caches\4.10.2\fileHashes)" [_thread_blocked, id=7276, stack(0x000000a909f00000,0x000000a90a000000)]
  0x000001d5a5df9800 JavaThread "File lock request listener" [_thread_in_native, id=12256, stack(0x000000a90a000000,0x000000a90a100000)]
  0x000001d5a5dfe000 JavaThread "Cache worker for journal cache (C:\Users\Alanf\.gradle\caches\journal-1)" [_thread_blocked, id=13288, stack(0x000000a90a200000,0x000000a90a300000)]
  0x000001d5a62ae800 JavaThread "C2 CompilerThread1" daemon [_thread_blocked, id=15084, stack(0x000000a90a800000,0x000000a90a900000)]
=>0x000001d5a6f3f000 JavaThread "C2 CompilerThread2" daemon [_thread_in_native, id=2484, stack(0x000000a90a900000,0x000000a90aa00000)]
  0x000001d5a9249000 JavaThread "Cache worker for Artifact transforms cache (C:\Users\Alanf\.gradle\caches\transforms-1)" [_thread_blocked, id=13344, stack(0x000000a90ad00000,0x000000a90ae00000)]
  0x000001d5a924d800 Thread [stack: 0x000000a90ae00000,0x000000a90af00000] [id=4448]
  0x000001d5a9249800 Thread [stack: 0x000000a90af00000,0x000000a90b000000] [id=5100]
  0x000001d5a924e800 Thread [stack: 0x000000a90b000000,0x000000a90b100000] [id=16624]
  0x000001d5a924a800 Thread [stack: 0x000000a90b100000,0x000000a90b200000] [id=7716]
  0x000001d5a924f800 Thread [stack: 0x000000a90b200000,0x000000a90b300000] [id=9472]
  0x000001d5a9250000 Thread [stack: 0x000000a90b300000,0x000000a90b400000] [id=11784]
  0x000001d5a9251000 Thread [stack: 0x000000a90b400000,0x000000a90b500000] [id=10236]
  0x000001d5a924d000 Thread [stack: 0x000000a90b500000,0x000000a90b600000] [id=5652]
  0x000001d5a924b800 JavaThread "pool-1-thread-1" [_thread_in_vm, id=9052, stack(0x000000a90b600000,0x000000a90b700000)]
  0x000001d5a9256000 JavaThread "Memory manager" [_thread_blocked, id=15136, stack(0x000000a90b700000,0x000000a90b800000)]
  0x000001d5a9256800 JavaThread "Cache worker for file content cache (C:\Users\Alanf\.gradle\caches\4.10.2\fileContent)" [_thread_blocked, id=16168, stack(0x000000a90b800000,0x000000a90b900000)]
  0x000001d5a73ea800 JavaThread "Monitor" [_thread_in_native, id=12488, stack(0x000000a90c300000,0x000000a90c400000)]
  0x000001d5a73ed000 Thread [stack: 0x000000a90ab00000,0x000000a90ac00000] [id=2256]

Other Threads:
  0x000001d5a3f36000 VMThread "VM Thread" [stack: 0x000000a908900000,0x000000a908a00000] [id=5144]
  0x000001d5a49d1800 WatcherThread [stack: 0x000000a909300000,0x000000a909400000] [id=17316]
  0x000001d585898800 GCTaskThread "GC Thread#0" [stack: 0x000000a908400000,0x000000a908500000] [id=7064]
  0x000001d5a5059800 GCTaskThread "GC Thread#1" [stack: 0x000000a909500000,0x000000a909600000] [id=7828]
  0x000001d5a5367000 GCTaskThread "GC Thread#2" [stack: 0x000000a909600000,0x000000a909700000] [id=7284]
  0x000001d5a61c9800 GCTaskThread "GC Thread#3" [stack: 0x000000a90a300000,0x000000a90a400000] [id=7328]
  0x000001d5a630b000 GCTaskThread "GC Thread#4" [stack: 0x000000a90a400000,0x000000a90a500000] [id=13296]
  0x000001d5a6233000 GCTaskThread "GC Thread#5" [stack: 0x000000a90a500000,0x000000a90a600000] [id=12812]
  0x000001d5a53b7000 GCTaskThread "GC Thread#6" [stack: 0x000000a90a600000,0x000000a90a700000] [id=8160]
  0x000001d5a6224000 GCTaskThread "GC Thread#7" [stack: 0x000000a90a700000,0x000000a90a800000] [id=1996]
  0x000001d5858a0800 ConcurrentGCThread "G1 Main Marker" [stack: 0x000000a908500000,0x000000a908600000] [id=2784]
  0x000001d5858a4000 ConcurrentGCThread "G1 Conc#0" [stack: 0x000000a908600000,0x000000a908700000] [id=8340]
  0x000001d5a62c0000 ConcurrentGCThread "G1 Conc#1" [stack: 0x000000a90aa00000,0x000000a90ab00000] [id=11416]
  0x000001d58593d800 ConcurrentGCThread "G1 Refine#0" [stack: 0x000000a908700000,0x000000a908800000] [id=14264]
  0x000001d58593e800 ConcurrentGCThread "G1 Young RemSet Sampling" [stack: 0x000000a908800000,0x000000a908900000] [id=2488]

Threads with active compile tasks:
C2 CompilerThread1  8517   !   4       java.util.concurrent.ConcurrentHashMap::putVal (432 bytes)
C2 CompilerThread2  8461   !   4       java.net.URLClassLoader::findClass (47 bytes)

VM state:not at safepoint (normal execution)

VM Mutex/Monitor currently owned by a thread: None

Heap address: 0x00000000c0000000, size: 1024 MB, Compressed Oops mode: 32-bit
Narrow klass base: 0x0000000800000000, Narrow klass shift: 3
Compressed class space size: 1073741824 Address: 0x0000000801190000

Heap:
 garbage-first heap   total 121856K, used 81931K [0x00000000c0000000, 0x0000000100000000)
  region size 1024K, 22 young (22528K), 4 survivors (4096K)
 Metaspace       used 62684K, capacity 64383K, committed 64640K, reserved 1105920K
  class space    used 8232K, capacity 8788K, committed 8832K, reserved 1048576K
Heap Regions: E=young(eden), S=young(survivor), O=old, HS=humongous(starts), HC=humongous(continues), CS=collection set, F=free, A=archive, TAMS=top-at-mark-start (previous, next)
|   0|0x00000000c0000000, 0x00000000c0100000, 0x00000000c0100000|100%|HS|  |TAMS 0x00000000c0100000, 0x00000000c0000000| Complete 
|   1|0x00000000c0100000, 0x00000000c0200000, 0x00000000c0200000|100%|HC|  |TAMS 0x00000000c0200000, 0x00000000c0100000| Complete 
|   2|0x00000000c0200000, 0x00000000c0300000, 0x00000000c0300000|100%| O|  |TAMS 0x00000000c0300000, 0x00000000c0200000| Untracked 
|   3|0x00000000c0300000, 0x00000000c0400000, 0x00000000c0400000|100%| O|  |TAMS 0x00000000c0400000, 0x00000000c0300000| Untracked 
|   4|0x00000000c0400000, 0x00000000c0500000, 0x00000000c0500000|100%| O|  |TAMS 0x00000000c0500000, 0x00000000c0400000| Untracked 
|   5|0x00000000c0500000, 0x00000000c0600000, 0x00000000c0600000|100%|HS|  |TAMS 0x00000000c0600000, 0x00000000c0500000| Complete 
|   6|0x00000000c0600000, 0x00000000c0700000, 0x00000000c0700000|100%|HC|  |TAMS 0x00000000c0700000, 0x00000000c0600000| Complete 
|   7|0x00000000c0700000, 0x00000000c0800000, 0x00000000c0800000|100%| O|  |TAMS 0x00000000c0800000, 0x00000000c0700000| Untracked 
|   8|0x00000000c0800000, 0x00000000c0900000, 0x00000000c0900000|100%| O|  |TAMS 0x00000000c0900000, 0x00000000c0800000| Untracked 
|   9|0x00000000c0900000, 0x00000000c0a00000, 0x00000000c0a00000|100%| O|  |TAMS 0x00000000c0a00000, 0x00000000c0900000| Untracked 
|  10|0x00000000c0a00000, 0x00000000c0b00000, 0x00000000c0b00000|100%| O|  |TAMS 0x00000000c0b00000, 0x00000000c0a00000| Untracked 
|  11|0x00000000c0b00000, 0x00000000c0c00000, 0x00000000c0c00000|100%| O|  |TAMS 0x00000000c0c00000, 0x00000000c0b00000| Untracked 
|  12|0x00000000c0c00000, 0x00000000c0d00000, 0x00000000c0d00000|100%| O|  |TAMS 0x00000000c0d00000, 0x00000000c0c00000| Untracked 
|  13|0x00000000c0d00000, 0x00000000c0e00000, 0x00000000c0e00000|100%| O|  |TAMS 0x00000000c0e00000, 0x00000000c0d00000| Untracked 
|  14|0x00000000c0e00000, 0x00000000c0f00000, 0x00000000c0f00000|100%| O|  |TAMS 0x00000000c0f00000, 0x00000000c0e00000| Untracked 
|  15|0x00000000c0f00000, 0x00000000c1000000, 0x00000000c1000000|100%| O|  |TAMS 0x00000000c1000000, 0x00000000c0f00000| Untracked 
|  16|0x00000000c1000000, 0x00000000c102f200, 0x00000000c1100000| 18%| O|  |TAMS 0x00000000c102f200, 0x00000000c1000000| Untracked 
|  17|0x00000000c1100000, 0x00000000c1200000, 0x00000000c1200000|100%| O|  |TAMS 0x00000000c1200000, 0x00000000c1100000| Untracked 
|  18|0x00000000c1200000, 0x00000000c1300000, 0x00000000c1300000|100%| O|  |TAMS 0x00000000c1300000, 0x00000000c1200000| Untracked 
|  19|0x00000000c1300000, 0x00000000c1400000, 0x00000000c1400000|100%| O|  |TAMS 0x00000000c1400000, 0x00000000c1300000| Untracked 
|  20|0x00000000c1400000, 0x00000000c1500000, 0x00000000c1500000|100%|HS|  |TAMS 0x00000000c1500000, 0x00000000c1400000| Complete 
|  21|0x00000000c1500000, 0x00000000c1600000, 0x00000000c1600000|100%|HC|  |TAMS 0x00000000c1600000, 0x00000000c1500000| Complete 
|  22|0x00000000c1600000, 0x00000000c1700000, 0x00000000c1700000|100%|HC|  |TAMS 0x00000000c1700000, 0x00000000c1600000| Complete 
|  23|0x00000000c1700000, 0x00000000c1800000, 0x00000000c1800000|100%| O|  |TAMS 0x00000000c1800000, 0x00000000c1700000| Untracked 
|  24|0x00000000c1800000, 0x00000000c1900000, 0x00000000c1900000|100%| O|  |TAMS 0x00000000c1900000, 0x00000000c1800000| Untracked 
|  25|0x00000000c1900000, 0x00000000c1a00000, 0x00000000c1a00000|100%| O|  |TAMS 0x00000000c1a00000, 0x00000000c1900000| Untracked 
|  26|0x00000000c1a00000, 0x00000000c1b00000, 0x00000000c1b00000|100%| O|  |TAMS 0x00000000c1b00000, 0x00000000c1a00000| Untracked 
|  27|0x00000000c1b00000, 0x00000000c1c00000, 0x00000000c1c00000|100%| O|  |TAMS 0x00000000c1c00000, 0x00000000c1b00000| Untracked 
|  28|0x00000000c1c00000, 0x00000000c1d00000, 0x00000000c1d00000|100%| O|  |TAMS 0x00000000c1d00000, 0x00000000c1c00000| Untracked 
|  29|0x00000000c1d00000, 0x00000000c1e00000, 0x00000000c1e00000|100%| O|  |TAMS 0x00000000c1e00000, 0x00000000c1d00000| Untracked 
|  30|0x00000000c1e00000, 0x00000000c1f00000, 0x00000000c1f00000|100%| O|  |TAMS 0x00000000c1f00000, 0x00000000c1e00000| Untracked 
|  31|0x00000000c1f00000, 0x00000000c2000000, 0x00000000c2000000|100%| O|  |TAMS 0x00000000c2000000, 0x00000000c1f00000| Untracked 
|  32|0x00000000c2000000, 0x00000000c2100000, 0x00000000c2100000|100%| O|  |TAMS 0x00000000c2100000, 0x00000000c2000000| Untracked 
|  33|0x00000000c2100000, 0x00000000c2200000, 0x00000000c2200000|100%| O|  |TAMS 0x00000000c2200000, 0x00000000c2100000| Untracked 
|  34|0x00000000c2200000, 0x00000000c2300000, 0x00000000c2300000|100%| O|  |TAMS 0x00000000c2300000, 0x00000000c2200000| Untracked 
|  35|0x00000000c2300000, 0x00000000c2400000, 0x00000000c2400000|100%| O|  |TAMS 0x00000000c2400000, 0x00000000c2300000| Untracked 
|  36|0x00000000c2400000, 0x00000000c2500000, 0x00000000c2500000|100%| O|  |TAMS 0x00000000c2500000, 0x00000000c2400000| Untracked 
|  37|0x00000000c2500000, 0x00000000c2600000, 0x00000000c2600000|100%| O|  |TAMS 0x00000000c2600000, 0x00000000c2500000| Untracked 
|  38|0x00000000c2600000, 0x00000000c2700000, 0x00000000c2700000|100%| O|  |TAMS 0x00000000c2700000, 0x00000000c2600000| Untracked 
|  39|0x00000000c2700000, 0x00000000c2800000, 0x00000000c2800000|100%| O|  |TAMS 0x00000000c2800000, 0x00000000c2700000| Untracked 
|  40|0x00000000c2800000, 0x00000000c2900000, 0x00000000c2900000|100%| O|  |TAMS 0x00000000c2900000, 0x00000000c2800000| Untracked 
|  41|0x00000000c2900000, 0x00000000c2a00000, 0x00000000c2a00000|100%| O|  |TAMS 0x00000000c2a00000, 0x00000000c2900000| Untracked 
|  42|0x00000000c2a00000, 0x00000000c2b00000, 0x00000000c2b00000|100%| O|  |TAMS 0x00000000c2b00000, 0x00000000c2a00000| Untracked 
|  43|0x00000000c2b00000, 0x00000000c2c00000, 0x00000000c2c00000|100%| O|  |TAMS 0x00000000c2c00000, 0x00000000c2b00000| Untracked 
|  44|0x00000000c2c00000, 0x00000000c2d00000, 0x00000000c2d00000|100%| O|  |TAMS 0x00000000c2d00000, 0x00000000c2c00000| Untracked 
|  45|0x00000000c2d00000, 0x00000000c2e00000, 0x00000000c2e00000|100%| O|  |TAMS 0x00000000c2e00000, 0x00000000c2d00000| Untracked 
|  46|0x00000000c2e00000, 0x00000000c2f00000, 0x00000000c2f00000|100%| O|  |TAMS 0x00000000c2f00000, 0x00000000c2e00000| Untracked 
|  47|0x00000000c2f00000, 0x00000000c3000000, 0x00000000c3000000|100%| O|  |TAMS 0x00000000c3000000, 0x00000000c2f00000| Untracked 
|  48|0x00000000c3000000, 0x00000000c3100000, 0x00000000c3100000|100%|HS|  |TAMS 0x00000000c3100000, 0x00000000c3000000| Complete 
|  49|0x00000000c3100000, 0x00000000c3200000, 0x00000000c3200000|100%|HC|  |TAMS 0x00000000c3200000, 0x00000000c3100000| Complete 
|  50|0x00000000c3200000, 0x00000000c3300000, 0x00000000c3300000|100%| O|  |TAMS 0x00000000c3300000, 0x00000000c3200000| Untracked 
|  51|0x00000000c3300000, 0x00000000c3400000, 0x00000000c3400000|100%| O|  |TAMS 0x00000000c3400000, 0x00000000c3300000| Untracked 
|  52|0x00000000c3400000, 0x00000000c3500000, 0x00000000c3500000|100%| O|  |TAMS 0x00000000c3500000, 0x00000000c3400000| Untracked 
|  53|0x00000000c3500000, 0x00000000c3600000, 0x00000000c3600000|100%| O|  |TAMS 0x00000000c3600000, 0x00000000c3500000| Untracked 
|  54|0x00000000c3600000, 0x00000000c3700000, 0x00000000c3700000|100%| O|  |TAMS 0x00000000c3700000, 0x00000000c3600000| Untracked 
|  55|0x00000000c3700000, 0x00000000c3800000, 0x00000000c3800000|100%| O|  |TAMS 0x00000000c3800000, 0x00000000c3700000| Untracked 
|  56|0x00000000c3800000, 0x00000000c3900000, 0x00000000c3900000|100%| O|  |TAMS 0x00000000c3900000, 0x00000000c3800000| Untracked 
|  57|0x00000000c3900000, 0x00000000c3a00000, 0x00000000c3a00000|100%| O|  |TAMS 0x00000000c3a00000, 0x00000000c3900000| Untracked 
|  58|0x00000000c3a00000, 0x00000000c3b00000, 0x00000000c3b00000|100%| O|  |TAMS 0x00000000c3b00000, 0x00000000c3a00000| Untracked 
|  59|0x00000000c3b00000, 0x00000000c3c00000, 0x00000000c3c00000|100%| O|  |TAMS 0x00000000c3c00000, 0x00000000c3b00000| Untracked 
|  60|0x00000000c3c00000, 0x00000000c3d00000, 0x00000000c3d00000|100%| O|  |TAMS 0x00000000c3c06c00, 0x00000000c3c00000| Untracked 
|  61|0x00000000c3d00000, 0x00000000c3d56c00, 0x00000000c3e00000| 33%| O|  |TAMS 0x00000000c3d00000, 0x00000000c3d00000| Untracked 
|  62|0x00000000c3e00000, 0x00000000c3e00000, 0x00000000c3f00000|  0%| F|  |TAMS 0x00000000c3e00000, 0x00000000c3e00000| Untracked 
|  63|0x00000000c3f00000, 0x00000000c3f00000, 0x00000000c4000000|  0%| F|  |TAMS 0x00000000c3f00000, 0x00000000c3f00000| Untracked 
|  64|0x00000000c4000000, 0x00000000c4000000, 0x00000000c4100000|  0%| F|  |TAMS 0x00000000c4000000, 0x00000000c4000000| Untracked 
|  65|0x00000000c4100000, 0x00000000c4100000, 0x00000000c4200000|  0%| F|  |TAMS 0x00000000c4100000, 0x00000000c4100000| Untracked 
|  66|0x00000000c4200000, 0x00000000c4200000, 0x00000000c4300000|  0%| F|  |TAMS 0x00000000c4200000, 0x00000000c4200000| Untracked 
|  67|0x00000000c4300000, 0x00000000c4300000, 0x00000000c4400000|  0%| F|  |TAMS 0x00000000c4300000, 0x00000000c4300000| Untracked 
|  68|0x00000000c4400000, 0x00000000c4400000, 0x00000000c4500000|  0%| F|  |TAMS 0x00000000c4400000, 0x00000000c4400000| Untracked 
|  69|0x00000000c4500000, 0x00000000c4500000, 0x00000000c4600000|  0%| F|  |TAMS 0x00000000c4500000, 0x00000000c4500000| Untracked 
|  70|0x00000000c4600000, 0x00000000c4600000, 0x00000000c4700000|  0%| F|  |TAMS 0x00000000c4600000, 0x00000000c4600000| Untracked 
|  71|0x00000000c4700000, 0x00000000c4700000, 0x00000000c4800000|  0%| F|  |TAMS 0x00000000c4700000, 0x00000000c4700000| Untracked 
|  72|0x00000000c4800000, 0x00000000c4800000, 0x00000000c4900000|  0%| F|  |TAMS 0x00000000c4800000, 0x00000000c4800000| Untracked 
|  73|0x00000000c4900000, 0x00000000c4900000, 0x00000000c4a00000|  0%| F|  |TAMS 0x00000000c4900000, 0x00000000c4900000| Untracked 
|  74|0x00000000c4a00000, 0x00000000c4a00000, 0x00000000c4b00000|  0%| F|  |TAMS 0x00000000c4a00000, 0x00000000c4a00000| Untracked 
|  75|0x00000000c4b00000, 0x00000000c4b00000, 0x00000000c4c00000|  0%| F|  |TAMS 0x00000000c4b00000, 0x00000000c4b00000| Untracked 
|  76|0x00000000c4c00000, 0x00000000c4c00000, 0x00000000c4d00000|  0%| F|  |TAMS 0x00000000c4c00000, 0x00000000c4c00000| Untracked 
|  77|0x00000000c4d00000, 0x00000000c4d00000, 0x00000000c4e00000|  0%| F|  |TAMS 0x00000000c4d00000, 0x00000000c4d00000| Untracked 
|  78|0x00000000c4e00000, 0x00000000c4e00000, 0x00000000c4f00000|  0%| F|  |TAMS 0x00000000c4e00000, 0x00000000c4e00000| Untracked 
|  79|0x00000000c4f00000, 0x00000000c4f00000, 0x00000000c5000000|  0%| F|  |TAMS 0x00000000c4f00000, 0x00000000c4f00000| Untracked 
|  80|0x00000000c5000000, 0x00000000c507ce48, 0x00000000c5100000| 48%| S|CS|TAMS 0x00000000c5000000, 0x00000000c5000000| Complete 
|  81|0x00000000c5100000, 0x00000000c5200000, 0x00000000c5200000|100%| S|CS|TAMS 0x00000000c5100000, 0x00000000c5100000| Complete 
|  82|0x00000000c5200000, 0x00000000c5300000, 0x00000000c5300000|100%| S|CS|TAMS 0x00000000c5200000, 0x00000000c5200000| Complete 
|  83|0x00000000c5300000, 0x00000000c5400000, 0x00000000c5400000|100%| S|CS|TAMS 0x00000000c5300000, 0x00000000c5300000| Complete 
|  84|0x00000000c5400000, 0x00000000c5400000, 0x00000000c5500000|  0%| F|  |TAMS 0x00000000c5400000, 0x00000000c5400000| Untracked 
|  85|0x00000000c5500000, 0x00000000c5500000, 0x00000000c5600000|  0%| F|  |TAMS 0x00000000c5500000, 0x00000000c5500000| Untracked 
|  86|0x00000000c5600000, 0x00000000c5600000, 0x00000000c5700000|  0%| F|  |TAMS 0x00000000c5600000, 0x00000000c5600000| Untracked 
|  87|0x00000000c5700000, 0x00000000c5700000, 0x00000000c5800000|  0%| F|  |TAMS 0x00000000c5700000, 0x00000000c5700000| Untracked 
|  88|0x00000000c5800000, 0x00000000c5800000, 0x00000000c5900000|  0%| F|  |TAMS 0x00000000c5800000, 0x00000000c5800000| Untracked 
|  89|0x00000000c5900000, 0x00000000c5900000, 0x00000000c5a00000|  0%| F|  |TAMS 0x00000000c5900000, 0x00000000c5900000| Untracked 
|  90|0x00000000c5a00000, 0x00000000c5a00000, 0x00000000c5b00000|  0%| F|  |TAMS 0x00000000c5a00000, 0x00000000c5a00000| Untracked 
|  91|0x00000000c5b00000, 0x00000000c5b00000, 0x00000000c5c00000|  0%| F|  |TAMS 0x00000000c5b00000, 0x00000000c5b00000| Untracked 
|  92|0x00000000c5c00000, 0x00000000c5c00000, 0x00000000c5d00000|  0%| F|  |TAMS 0x00000000c5c00000, 0x00000000c5c00000| Untracked 
|  93|0x00000000c5d00000, 0x00000000c5d00000, 0x00000000c5e00000|  0%| F|  |TAMS 0x00000000c5d00000, 0x00000000c5d00000| Untracked 
|  94|0x00000000c5e00000, 0x00000000c5e00000, 0x00000000c5f00000|  0%| F|  |TAMS 0x00000000c5e00000, 0x00000000c5e00000| Untracked 
|  95|0x00000000c5f00000, 0x00000000c5f00000, 0x00000000c6000000|  0%| F|  |TAMS 0x00000000c5f00000, 0x00000000c5f00000| Untracked 
|  96|0x00000000c6000000, 0x00000000c6000000, 0x00000000c6100000|  0%| F|  |TAMS 0x00000000c6000000, 0x00000000c6000000| Untracked 
|  97|0x00000000c6100000, 0x00000000c6100000, 0x00000000c6200000|  0%| F|  |TAMS 0x00000000c6100000, 0x00000000c6100000| Untracked 
|  98|0x00000000c6200000, 0x00000000c6200000, 0x00000000c6300000|  0%| F|  |TAMS 0x00000000c6200000, 0x00000000c6200000| Untracked 
|  99|0x00000000c6300000, 0x00000000c6300000, 0x00000000c6400000|  0%| F|  |TAMS 0x00000000c6300000, 0x00000000c6300000| Untracked 
| 100|0x00000000c6400000, 0x00000000c641eea8, 0x00000000c6500000| 12%| E|  |TAMS 0x00000000c6400000, 0x00000000c6400000| Complete 
| 101|0x00000000c6500000, 0x00000000c6600000, 0x00000000c6600000|100%| E|CS|TAMS 0x00000000c6500000, 0x00000000c6500000| Complete 
| 102|0x00000000c6600000, 0x00000000c6700000, 0x00000000c6700000|100%| E|CS|TAMS 0x00000000c6600000, 0x00000000c6600000| Complete 
| 103|0x00000000c6700000, 0x00000000c6800000, 0x00000000c6800000|100%| E|  |TAMS 0x00000000c6700000, 0x00000000c6700000| Complete 
| 104|0x00000000c6800000, 0x00000000c6900000, 0x00000000c6900000|100%| E|CS|TAMS 0x00000000c6800000, 0x00000000c6800000| Complete 
| 105|0x00000000c6900000, 0x00000000c6a00000, 0x00000000c6a00000|100%| E|CS|TAMS 0x00000000c6900000, 0x00000000c6900000| Complete 
| 106|0x00000000c6a00000, 0x00000000c6b00000, 0x00000000c6b00000|100%| E|CS|TAMS 0x00000000c6a00000, 0x00000000c6a00000| Complete 
| 107|0x00000000c6b00000, 0x00000000c6c00000, 0x00000000c6c00000|100%| E|CS|TAMS 0x00000000c6b00000, 0x00000000c6b00000| Complete 
| 108|0x00000000c6c00000, 0x00000000c6d00000, 0x00000000c6d00000|100%| E|CS|TAMS 0x00000000c6c00000, 0x00000000c6c00000| Complete 
| 109|0x00000000c6d00000, 0x00000000c6e00000, 0x00000000c6e00000|100%| E|CS|TAMS 0x00000000c6d00000, 0x00000000c6d00000| Complete 
| 110|0x00000000c6e00000, 0x00000000c6f00000, 0x00000000c6f00000|100%| E|CS|TAMS 0x00000000c6e00000, 0x00000000c6e00000| Complete 
| 111|0x00000000c6f00000, 0x00000000c7000000, 0x00000000c7000000|100%| E|CS|TAMS 0x00000000c6f00000, 0x00000000c6f00000| Complete 
| 112|0x00000000c7000000, 0x00000000c7100000, 0x00000000c7100000|100%| E|CS|TAMS 0x00000000c7000000, 0x00000000c7000000| Complete 
| 113|0x00000000c7100000, 0x00000000c7200000, 0x00000000c7200000|100%| E|CS|TAMS 0x00000000c7100000, 0x00000000c7100000| Complete 
| 114|0x00000000c7200000, 0x00000000c7300000, 0x00000000c7300000|100%| E|CS|TAMS 0x00000000c7200000, 0x00000000c7200000| Complete 
| 115|0x00000000c7300000, 0x00000000c7400000, 0x00000000c7400000|100%| E|CS|TAMS 0x00000000c7300000, 0x00000000c7300000| Complete 
| 116|0x00000000c7400000, 0x00000000c7500000, 0x00000000c7500000|100%| E|CS|TAMS 0x00000000c7400000, 0x00000000c7400000| Complete 
| 117|0x00000000c7500000, 0x00000000c7600000, 0x00000000c7600000|100%| E|CS|TAMS 0x00000000c7500000, 0x00000000c7500000| Complete 
| 127|0x00000000c7f00000, 0x00000000c8000000, 0x00000000c8000000|100%| E|CS|TAMS 0x00000000c7f00000, 0x00000000c7f00000| Complete 

Card table byte_map: [0x000001d59f0a0000,0x000001d59f2a0000] _byte_map_base: 0x000001d59eaa0000

Marking Bits (Prev, Next): (CMBitMap*) 0x000001d585899678, (CMBitMap*) 0x000001d585899638
 Prev Bits: [0x000001d5a04a0000, 0x000001d5a14a0000)
 Next Bits: [0x000001d59f4a0000, 0x000001d5a04a0000)

Polling page: 0x000001d5856e0000

Metaspace:

Usage:
  Non-class:     54.36 MB capacity,    53.26 MB ( 98%) used,  1008.56 KB (  2%) free+waste,   126.81 KB ( <1%) overhead. 
      Class:      8.58 MB capacity,     8.05 MB ( 94%) used,   492.02 KB (  6%) free+waste,    59.63 KB ( <1%) overhead. 
       Both:     62.95 MB capacity,    61.30 MB ( 97%) used,     1.47 MB (  2%) free+waste,   186.44 KB ( <1%) overhead. 

Virtual space:
  Non-class space:       56.00 MB reserved,      54.50 MB ( 97%) committed 
      Class space:        1.00 GB reserved,       8.63 MB ( <1%) committed 
             Both:        1.05 GB reserved,      63.13 MB (  6%) committed 

Chunk freelists:
   Non-Class:  1.38 KB
       Class:  1.25 KB
        Both:  2.63 KB

CodeHeap 'non-profiled nmethods': size=120000Kb used=4418Kb max_used=4418Kb free=115581Kb
 bounds [0x000001d596ef0000, 0x000001d597350000, 0x000001d59e420000]
CodeHeap 'profiled nmethods': size=120000Kb used=17873Kb max_used=17873Kb free=102126Kb
 bounds [0x000001d58f9c0000, 0x000001d590b50000, 0x000001d596ef0000]
CodeHeap 'non-nmethods': size=5760Kb used=2287Kb max_used=2355Kb free=3472Kb
 bounds [0x000001d58f420000, 0x000001d58f690000, 0x000001d58f9c0000]
 total_blobs=11422 nmethods=7899 adapters=776
 compilation: enabled
              stopped_count=0, restarted_count=0
 full_count=0

Compilation events (10 events):
Event: 10.209 Thread 0x000001d5a3f57800 8477       4       org.gradle.internal.logging.text.AbstractLineChoppingStyledTextOutput$StateContext::hasChar (22 bytes)
Event: 10.210 Thread 0x000001d5a3f57800 nmethod 8477 0x000001d59733d710 code [0x000001d59733d8a0, 0x000001d59733d938]
Event: 10.210 Thread 0x000001d5a3f5e000 8479 %     3       java.util.regex.Matcher::search @ 46 (154 bytes)
Event: 10.211 Thread 0x000001d5a3f5e000 nmethod 8479% 0x000001d590b20410 code [0x000001d590b20640, 0x000001d590b20cf0]
Event: 10.211 Thread 0x000001d5a3f5e000 8478       3       java.util.Formatter$FormatSpecifier::checkBadFlags (49 bytes)
Event: 10.211 Thread 0x000001d5a3f5e000 nmethod 8478 0x000001d590b20f90 code [0x000001d590b211a0, 0x000001d590b21660]
Event: 10.211 Thread 0x000001d5a3f5e000 8480       3       java.util.Locale::getUnicodeLocaleType (54 bytes)
Event: 10.212 Thread 0x000001d5a3f5e000 nmethod 8480 0x000001d590b21890 code [0x000001d590b21b60, 0x000001d590b22800]
Event: 10.212 Thread 0x000001d5a3f5e000 8481       3       java.util.Locale::isUnicodeExtensionKey (21 bytes)
Event: 10.213 Thread 0x000001d5a3f5e000 nmethod 8481 0x000001d590b22c10 code [0x000001d590b22e80, 0x000001d590b23910]

GC Heap History (10 events):
Event: 8.408 GC heap before
{Heap before GC invocations=27 (full 0):
 garbage-first heap   total 97280K, used 75570K [0x00000000c0000000, 0x0000000100000000)
  region size 1024K, 22 young (22528K), 3 survivors (3072K)
 Metaspace       used 57680K, capacity 59374K, committed 59520K, reserved 1099776K
  class space    used 7755K, capacity 8293K, committed 8320K, reserved 1048576K
}
Event: 8.412 GC heap after
{Heap after GC invocations=28 (full 0):
 garbage-first heap   total 97280K, used 58700K [0x00000000c0000000, 0x0000000100000000)
  region size 1024K, 3 young (3072K), 3 survivors (3072K)
 Metaspace       used 57680K, capacity 59374K, committed 59520K, reserved 1099776K
  class space    used 7755K, capacity 8293K, committed 8320K, reserved 1048576K
}
Event: 8.769 GC heap before
{Heap before GC invocations=29 (full 0):
 garbage-first heap   total 106496K, used 77132K [0x00000000c0000000, 0x0000000100000000)
  region size 1024K, 21 young (21504K), 3 survivors (3072K)
 Metaspace       used 59535K, capacity 61225K, committed 61312K, reserved 1101824K
  class space    used 8003K, capacity 8522K, committed 8576K, reserved 1048576K
}
Event: 8.773 GC heap after
{Heap after GC invocations=30 (full 0):
 garbage-first heap   total 106496K, used 60124K [0x00000000c0000000, 0x0000000100000000)
  region size 1024K, 2 young (2048K), 2 survivors (2048K)
 Metaspace       used 59535K, capacity 61225K, committed 61312K, reserved 1101824K
  class space    used 8003K, capacity 8522K, committed 8576K, reserved 1048576K
}
Event: 9.182 GC heap before
{Heap before GC invocations=30 (full 0):
 garbage-first heap   total 106496K, used 80604K [0x00000000c0000000, 0x0000000100000000)
  region size 1024K, 23 young (23552K), 2 survivors (2048K)
 Metaspace       used 59864K, capacity 61548K, committed 61824K, reserved 1101824K
  class space    used 8008K, capacity 8523K, committed 8576K, reserved 1048576K
}
Event: 9.186 GC heap after
{Heap after GC invocations=31 (full 0):
 garbage-first heap   total 106496K, used 61369K [0x00000000c0000000, 0x0000000100000000)
  region size 1024K, 3 young (3072K), 3 survivors (3072K)
 Metaspace       used 59864K, capacity 61548K, committed 61824K, reserved 1101824K
  class space    used 8008K, capacity 8523K, committed 8576K, reserved 1048576K
}
Event: 9.705 GC heap before
{Heap before GC invocations=32 (full 0):
 garbage-first heap   total 111616K, used 81849K [0x00000000c0000000, 0x0000000100000000)
  region size 1024K, 24 young (24576K), 3 survivors (3072K)
 Metaspace       used 60370K, capacity 62120K, committed 62464K, reserved 1103872K
  class space    used 8043K, capacity 8597K, committed 8704K, reserved 1048576K
}
Event: 9.709 GC heap after
{Heap after GC invocations=33 (full 0):
 garbage-first heap   total 111616K, used 63703K [0x00000000c0000000, 0x0000000100000000)
  region size 1024K, 3 young (3072K), 3 survivors (3072K)
 Metaspace       used 60370K, capacity 62120K, committed 62464K, reserved 1103872K
  class space    used 8043K, capacity 8597K, committed 8704K, reserved 1048576K
}
Event: 9.990 GC heap before
{Heap before GC invocations=33 (full 0):
 garbage-first heap   total 111616K, used 85207K [0x00000000c0000000, 0x0000000100000000)
  region size 1024K, 25 young (25600K), 3 survivors (3072K)
 Metaspace       used 60525K, capacity 62263K, committed 62464K, reserved 1103872K
  class space    used 8055K, capacity 8601K, committed 8704K, reserved 1048576K
}
Event: 9.994 GC heap after
{Heap after GC invocations=34 (full 0):
 garbage-first heap   total 111616K, used 65547K [0x00000000c0000000, 0x0000000100000000)
  region size 1024K, 4 young (4096K), 4 survivors (4096K)
 Metaspace       used 60525K, capacity 62263K, committed 62464K, reserved 1103872K
  class space    used 8055K, capacity 8601K, committed 8704K, reserved 1048576K
}

Deoptimization events (10 events):
Event: 10.198 Thread 0x000001d5a9254000 Uncommon trap: reason=class_check action=maybe_recompile pc=0x000001d5970b8e64 method=com.google.common.collect.AbstractMapBasedMultimap$WrappedCollection.refreshIfEmpty()V @ 59 c2
Event: 10.200 Thread 0x000001d5a9252800 Uncommon trap: reason=unstable_if action=reinterpret pc=0x000001d59725ac00 method=java.util.concurrent.locks.AbstractQueuedSynchronizer.acquire(I)V @ 20 c2
Event: 10.201 Thread 0x000001d5a73f0000 Uncommon trap: reason=unstable_if action=reinterpret pc=0x000001d59725ac00 method=java.util.concurrent.locks.AbstractQueuedSynchronizer.acquire(I)V @ 20 c2
Event: 10.204 Thread 0x000001d5a49c1800 Uncommon trap: reason=unstable_if action=reinterpret pc=0x000001d5971cc288 method=java.util.regex.Matcher.search(I)Z @ 76 c2
Event: 10.204 Thread 0x000001d5a49c1800 Uncommon trap: reason=unstable_if action=reinterpret pc=0x000001d5971c4090 method=java.util.regex.Matcher.search(I)Z @ 76 c2
Event: 10.207 Thread 0x000001d5a5dfb800 Uncommon trap: reason=unstable_if action=reinterpret pc=0x000001d5972fe6c8 method=com.esotericsoftware.kryo.io.Output.writeString(Ljava/lang/CharSequence;)V @ 83 c2
Event: 10.208 Thread 0x000001d5a49c1800 Uncommon trap: reason=class_check action=maybe_recompile pc=0x000001d596f809cc method=org.gradle.internal.logging.text.AbstractLineChoppingStyledTextOutput$StateContext.flushLineText()V @ 110 c2
Event: 10.209 Thread 0x000001d5a49c1800 Uncommon trap: reason=class_check action=maybe_recompile pc=0x000001d596f809cc method=org.gradle.internal.logging.text.AbstractLineChoppingStyledTextOutput$StateContext.flushLineText()V @ 110 c2
Event: 10.209 Thread 0x000001d5a49c1800 Uncommon trap: reason=class_check action=maybe_recompile pc=0x000001d596f809cc method=org.gradle.internal.logging.text.AbstractLineChoppingStyledTextOutput$StateContext.flushLineText()V @ 110 c2
Event: 10.209 Thread 0x000001d5a49c1800 Uncommon trap: reason=class_check action=maybe_recompile pc=0x000001d596f809cc method=org.gradle.internal.logging.text.AbstractLineChoppingStyledTextOutput$StateContext.flushLineText()V @ 110 c2

Classes redefined (0 events):
No events

Internal exceptions (10 events):
Event: 8.056 Thread 0x000001d5a49c1800 Exception <a 'java/lang/ClassNotFoundException'{0x00000000c53500b0}: build_74ml21o8lnddisxml5arjjqt5$_run_closure1BeanInfo> (0x00000000c53500b0) thrown at [t:/workspace/open/src/hotspot/share/classfile/systemDictionary.cpp, line 235]
Event: 8.057 Thread 0x000001d5a49c1800 Exception <a 'java/lang/ClassNotFoundException'{0x00000000c535ba48}: build_74ml21o8lnddisxml5arjjqt5$_run_closure1Customizer> (0x00000000c535ba48) thrown at [t:/workspace/open/src/hotspot/share/classfile/systemDictionary.cpp, line 235]
Event: 8.778 Thread 0x000001d5a9249800 Implicit null exception at 0x000001d596f3dbcd to 0x000001d596f3dcc6
Event: 9.528 Thread 0x000001d5a9254000 Exception <a 'java/lang/NoSuchMethodError'{0x00000000c60d8200}: <clinit>> (0x00000000c60d8200) thrown at [t:/workspace/open/src/hotspot/share/prims/jni.cpp, line 1362]
Event: 9.529 Thread 0x000001d5a9254000 Exception <a 'java/lang/NoSuchMethodError'{0x00000000c60deb98}: <clinit>> (0x00000000c60deb98) thrown at [t:/workspace/open/src/hotspot/share/prims/jni.cpp, line 1362]
Event: 9.532 Thread 0x000001d5a9254000 Exception <a 'java/lang/NoSuchMethodError'{0x00000000c60f92f8}: <clinit>> (0x00000000c60f92f8) thrown at [t:/workspace/open/src/hotspot/share/prims/jni.cpp, line 1362]
Event: 9.534 Thread 0x000001d5a9254000 Exception <a 'java/lang/NoSuchMethodError'{0x00000000c5f0a0b8}: <clinit>> (0x00000000c5f0a0b8) thrown at [t:/workspace/open/src/hotspot/share/prims/jni.cpp, line 1362]
Event: 10.196 Thread 0x000001d5a73eb000 Exception <a 'java/io/IOException'{0x00000000c6f00aa0}: CreateProcess error=1450, Não existem recursos de sistema suficientes para concluir o serviço solicitado> (0x00000000c6f00aa0) thrown at [t:/workspace/open/src/hotspot/share/prims/jni.cpp, line 636
Event: 10.198 Thread 0x000001d5a9254000 Exception <a 'java/lang/ClassNotFoundException'{0x00000000c6f14760}: sun/misc/SharedSecrets> (0x00000000c6f14760) thrown at [t:/workspace/open/src/hotspot/share/classfile/systemDictionary.cpp, line 235]
Event: 10.198 Thread 0x000001d5a9254000 Exception <a 'java/lang/reflect/InvocationTargetException'{0x00000000c6f154b8}> (0x00000000c6f154b8) thrown at [t:/workspace/open/src/hotspot/share/runtime/reflection.cpp, line 1183]

Events (10 events):
Event: 10.209 loading class org/gradle/internal/buildevents/BuildExceptionReporter$2
Event: 10.209 loading class org/gradle/internal/buildevents/BuildExceptionReporter$2 done
Event: 10.211 loading class com/android/builder/profile/Recorder$VoidBlock
Event: 10.211 loading class com/android/builder/profile/Recorder$VoidBlock done
Event: 10.212 loading class com/android/build/gradle/internal/workeractions/WorkerActionServiceRegistry
Event: 10.212 loading class com/android/build/gradle/internal/workeractions/WorkerActionServiceRegistry done
Event: 10.212 loading class com/android/build/gradle/internal/workeractions/WorkerActionServiceRegistry$Companion
Event: 10.212 loading class com/android/build/gradle/internal/workeractions/WorkerActionServiceRegistry$Companion done
Event: 10.213 loading class com/android/dx/command/dexer/Main
Event: 10.213 loading class com/android/dx/command/dexer/Main done


Dynamic libraries:
0x00007ff61da70000 - 0x00007ff61da7f000 	C:\Program Files\Java\jdk-12.0.2\bin\java.exe
0x00007ffce3210000 - 0x00007ffce33fd000 	C:\windows\SYSTEM32\ntdll.dll
0x00007ffce2c60000 - 0x00007ffce2d13000 	C:\windows\System32\KERNEL32.DLL
0x00007ffcdf490000 - 0x00007ffcdf723000 	C:\windows\System32\KERNELBASE.dll
0x00007ffce0290000 - 0x00007ffce038a000 	C:\windows\System32\ucrtbase.dll
0x00007ffcd5d00000 - 0x00007ffcd5d18000 	C:\Program Files\Java\jdk-12.0.2\bin\jli.dll
0x00007ffcd2fb0000 - 0x00007ffcd2fc6000 	C:\Program Files\Java\jdk-12.0.2\bin\VCRUNTIME140.dll
0x00007ffce3080000 - 0x00007ffce3123000 	C:\windows\System32\ADVAPI32.dll
0x00007ffce0990000 - 0x00007ffce0a2e000 	C:\windows\System32\msvcrt.dll
0x00007ffce2990000 - 0x00007ffce2a2e000 	C:\windows\System32\sechost.dll
0x00007ffce2860000 - 0x00007ffce2982000 	C:\windows\System32\RPCRT4.dll
0x00007ffce1ff0000 - 0x00007ffce2187000 	C:\windows\System32\USER32.dll
0x00007ffcced80000 - 0x00007ffcceff9000 	C:\windows\WinSxS\amd64_microsoft.windows.common-controls_6595b64144ccf1df_6.0.17763.864_none_05b3441807210760\COMCTL32.dll
0x00007ffcdf470000 - 0x00007ffcdf490000 	C:\windows\System32\win32u.dll
0x00007ffce1fc0000 - 0x00007ffce1fe9000 	C:\windows\System32\GDI32.dll
0x00007ffce2d20000 - 0x00007ffce304c000 	C:\windows\System32\combase.dll
0x00007ffcdf2d0000 - 0x00007ffcdf469000 	C:\windows\System32\gdi32full.dll
0x00007ffce03b0000 - 0x00007ffce042e000 	C:\windows\System32\bcryptPrimitives.dll
0x00007ffcdffe0000 - 0x00007ffce0080000 	C:\windows\System32\msvcp_win.dll
0x00007ffcd7010000 - 0x00007ffcd701a000 	C:\windows\SYSTEM32\VERSION.dll
0x00007ffce3050000 - 0x00007ffce307e000 	C:\windows\System32\IMM32.DLL
0x00007ffcc1940000 - 0x00007ffcc19ea000 	C:\Program Files\Java\jdk-12.0.2\bin\msvcp140.dll
0x00007ffc923a0000 - 0x00007ffc92f17000 	C:\Program Files\Java\jdk-12.0.2\bin\server\jvm.dll
0x00007ffce23d0000 - 0x00007ffce23d8000 	C:\windows\System32\PSAPI.DLL
0x00007ffcd9640000 - 0x00007ffcd9649000 	C:\windows\SYSTEM32\WSOCK32.dll
0x00007ffcd97d0000 - 0x00007ffcd97f4000 	C:\windows\SYSTEM32\WINMM.dll
0x00007ffce2360000 - 0x00007ffce23cd000 	C:\windows\System32\WS2_32.dll
0x00007ffcd97a0000 - 0x00007ffcd97cd000 	C:\windows\SYSTEM32\WINMMBASE.dll
0x00007ffcdff90000 - 0x00007ffcdffda000 	C:\windows\System32\cfgmgr32.dll
0x00007ffcdf250000 - 0x00007ffcdf261000 	C:\windows\System32\kernel.appcore.dll
0x00007ffcce7b0000 - 0x00007ffcce7c1000 	C:\Program Files\Java\jdk-12.0.2\bin\verify.dll
0x00007ffcddc10000 - 0x00007ffcdddfd000 	C:\windows\SYSTEM32\DBGHELP.DLL
0x00007ffcc6550000 - 0x00007ffcc657a000 	C:\windows\SYSTEM32\dbgcore.DLL
0x00007ffcc8ed0000 - 0x00007ffcc8ef6000 	C:\Program Files\Java\jdk-12.0.2\bin\java.dll
0x00007ffcc7120000 - 0x00007ffcc7137000 	C:\Program Files\Java\jdk-12.0.2\bin\zip.dll
0x00007ffcd7660000 - 0x00007ffcd766a000 	C:\Program Files\Java\jdk-12.0.2\bin\jimage.dll
0x00007ffce0aa0000 - 0x00007ffce1f94000 	C:\windows\System32\SHELL32.dll
0x00007ffce07b0000 - 0x00007ffce0858000 	C:\windows\System32\shcore.dll
0x00007ffcdf730000 - 0x00007ffcdfe7d000 	C:\windows\System32\windows.storage.dll
0x00007ffcdf200000 - 0x00007ffcdf224000 	C:\windows\System32\profapi.dll
0x00007ffcdf270000 - 0x00007ffcdf2cd000 	C:\windows\System32\powrprof.dll
0x00007ffce0680000 - 0x00007ffce06d2000 	C:\windows\System32\shlwapi.dll
0x00007ffce0390000 - 0x00007ffce03a7000 	C:\windows\System32\cryptsp.dll
0x00007ffcc7100000 - 0x00007ffcc7119000 	C:\Program Files\Java\jdk-12.0.2\bin\net.dll
0x00007ffcd5530000 - 0x00007ffcd5622000 	C:\windows\SYSTEM32\WINHTTP.dll
0x00007ffcce220000 - 0x00007ffcce3f7000 	C:\windows\SYSTEM32\urlmon.dll
0x00007ffcce4e0000 - 0x00007ffcce788000 	C:\windows\SYSTEM32\iertutil.dll
0x00007ffcdec40000 - 0x00007ffcdec4c000 	C:\windows\SYSTEM32\CRYPTBASE.DLL
0x00007ffcdea70000 - 0x00007ffcdead7000 	C:\windows\system32\mswsock.dll
0x00007ffcc70e0000 - 0x00007ffcc70f3000 	C:\Program Files\Java\jdk-12.0.2\bin\nio.dll
0x00007ffcc6d80000 - 0x00007ffcc6d9e000 	C:\Users\Alanf\.gradle\native\25\windows-amd64\native-platform.dll
0x00007ffcd6180000 - 0x00007ffcd6189000 	C:\Program Files\Java\jdk-12.0.2\bin\management.dll
0x00007ffcd60d0000 - 0x00007ffcd60dc000 	C:\Program Files\Java\jdk-12.0.2\bin\management_ext.dll
0x00007ffcde5f0000 - 0x00007ffcde623000 	C:\windows\system32\rsaenh.dll
0x00007ffce0260000 - 0x00007ffce0286000 	C:\windows\System32\bcrypt.dll
0x00007ffcdf100000 - 0x00007ffcdf128000 	C:\windows\SYSTEM32\USERENV.dll
0x00007ffcde790000 - 0x00007ffcde7cd000 	C:\windows\SYSTEM32\IPHLPAPI.DLL
0x00007ffce0a30000 - 0x00007ffce0a38000 	C:\windows\System32\NSI.dll
0x00007ffcd2d60000 - 0x00007ffcd2d76000 	C:\windows\SYSTEM32\dhcpcsvc6.DLL
0x00007ffcd5880000 - 0x00007ffcd589c000 	C:\windows\SYSTEM32\dhcpcsvc.DLL
0x00007ffcde7d0000 - 0x00007ffcde896000 	C:\windows\SYSTEM32\DNSAPI.dll
0x00007ffcd5330000 - 0x00007ffcd533a000 	C:\Windows\System32\rasadhlp.dll
0x00007ffcd2ea0000 - 0x00007ffcd2f19000 	C:\windows\System32\fwpuclnt.dll

dbghelp: loaded successfully - version: 4.0.5 - missing functions: none
symbol engine: initialized successfully - sym options: 0x614 - pdb path: .;C:\Program Files\Java\jdk-12.0.2\bin;C:\windows\SYSTEM32;C:\windows\WinSxS\amd64_microsoft.windows.common-controls_6595b64144ccf1df_6.0.17763.864_none_05b3441807210760;C:\Program Files\Java\jdk-12.0.2\bin\server;C:\Users\Alanf\.gradle\native\25\windows-amd64

VM Arguments:
jvm_args: --add-opens=java.base/java.util=ALL-UNNAMED -XX:+HeapDumpOnOutOfMemoryError -Xmx1024m -Dfile.encoding=windows-1252 -Duser.country=BR -Duser.language=pt -Duser.variant 
java_command: org.gradle.launcher.daemon.bootstrap.GradleDaemon 4.10.2
java_class_path (initial): C:\Users\Alanf\.gradle\wrapper\dists\gradle-4.10.2-all\9fahxiiecdb76a5g3aw9oi8rv\gradle-4.10.2\lib\gradle-launcher-4.10.2.jar
Launcher Type: SUN_STANDARD

[Global flags]
     intx CICompilerCount                          = 4                                         {product} {ergonomic}
     uint ConcGCThreads                            = 2                                         {product} {ergonomic}
     uint G1ConcRefinementThreads                  = 8                                         {product} {ergonomic}
   size_t G1HeapRegionSize                         = 1048576                                   {product} {ergonomic}
    uintx GCDrainStackTargetSize                   = 64                                        {product} {ergonomic}
     bool HeapDumpOnOutOfMemoryError               = true                                   {manageable} {command line}
   size_t InitialHeapSize                          = 134217728                                 {product} {ergonomic}
   size_t MarkStackSize                            = 4194304                                   {product} {ergonomic}
   size_t MaxHeapSize                              = 1073741824                                {product} {command line}
   size_t MaxNewSize                               = 643825664                                 {product} {ergonomic}
   size_t MinHeapDeltaBytes                        = 1048576                                   {product} {ergonomic}
    uintx NonNMethodCodeHeapSize                   = 5836300                                {pd product} {ergonomic}
    uintx NonProfiledCodeHeapSize                  = 122910970                              {pd product} {ergonomic}
    uintx ProfiledCodeHeapSize                     = 122910970                              {pd product} {ergonomic}
    uintx ReservedCodeCacheSize                    = 251658240                              {pd product} {ergonomic}
     bool SegmentedCodeCache                       = true                                      {product} {ergonomic}
     bool UseCompressedClassPointers               = true                                 {lp64_product} {ergonomic}
     bool UseCompressedOops                        = true                                 {lp64_product} {ergonomic}
     bool UseG1GC                                  = true                                      {product} {ergonomic}
     bool UseLargePagesIndividualAllocation        = false                                  {pd product} {ergonomic}

Logging:
Log output configuration:
 #0: stdout all=warning uptime,level,tags
 #1: stderr all=off uptime,level,tags

Environment Variables:
JAVA_HOME=C:\Program Files\Java\jdk-12.0.2
CLASSPATH=C:\projetos\react-native-websocket-server-demo-master\react-native-websocket-server-demo-master\android\\gradle\wrapper\gradle-wrapper.jar
PATH=C:\Program Files (x86)\Common Files\Oracle\Java\javapath;C:\ProgramData\Oracle\Java\javapath;C:\Python27\;C:\Python27\Scripts;C:\Program Files (x86)\Intel\Intel(R) Management Engine Components\iCLS\;C:\Program Files\Intel\Intel(R) Management Engine Components\iCLS\;C:\windows\system32;C:\windows;C:\windows\System32\Wbem;C:\windows\System32\WindowsPowerShell\v1.0\;C:\windows\System32\OpenSSH\;C:\Program Files (x86)\NVIDIA Corporation\PhysX\Common;C:\Program Files (x86)\Intel\Intel(R) Management Engine Components\DAL;C:\Program Files\Intel\Intel(R) Management Engine Components\DAL;C:\ProgramData\chocolatey\bin;C:\Program Files\nodejs\;C:\Program Files\dotnet\;C:\Program Files\Microsoft SQL Server\130\Tools\Binn\;C:\Program Files\Microsoft SQL Server\Client SDK\ODBC\170\Tools\Binn\;C:\Program Files\Java\jdk1.8.0_211\bin;C:\Users\Alanf\AppData\Local\Android\Sdk\platform-tools;C:\Users\Alanf\AppData\Local\Android\Sdk\tools;C:\Users\Alanf\AppData\Local\Microsoft\WindowsApps;C:\Users\Alanf\AppData\Local\Programs\Microsoft VS Code\bin;C:\Users\Alanf\AppData\Roaming\npm;C:\Users\Alanf\AppData\Local\GitHubDesktop\bin
USERNAME=Alanf
OS=Windows_NT
PROCESSOR_IDENTIFIER=Intel64 Family 6 Model 142 Stepping 10, GenuineIntel



---------------  S Y S T E M  ---------------

OS: Windows 10 , 64 bit Build 17763 (10.0.17763.475)

CPU:total 8 (initial active 8) (4 cores per cpu, 2 threads per core) family 6 model 142 stepping 10, cmov, cx8, fxsr, mmx, sse, sse2, sse3, ssse3, sse4.1, sse4.2, popcnt, avx, avx2, aes, clmul, erms, 3dnowpref, lzcnt, ht, tsc, tscinvbit, bmi1, bmi2, adx, fma

Memory: 4k page, system-wide physical 8106M (643M free)
TotalPageFile size 8106M (AvailPageFile size 5M)
current process WorkingSet (physical memory assigned to process): 348M, peak: 348M
current process commit charge ("private bytes"): 386M, peak: 386M

vm_info: Java HotSpot(TM) 64-Bit Server VM (12.0.2+10) for windows-amd64 JRE (12.0.2+10), built on Jul 16 2019 01:56:17 by "mach5one" with MS VC++ 15.5 (VS2017)

END.
